<?xml version="1.0" encoding="UTF-8"?>
<robot generator="Robot 4.1 (Python 3.7.5 on win32)" generated="20220117 12:26:39.634" rpa="false" schemaversion="2">
<suite id="s1" name="Tasks" source="C:\Users\lenevo\Documents\Robots\Robocorp CerII\tasks.robot">
<test id="s1-t1" name="ROBOCORP Certification Task">
<kw name="Get and log the value of the vault secrets using the Get Secret keyword" library="Credential_work">
<kw name="Add heading" library="RPA.Dialogs">
<arg>Get User Credentials</arg>
<doc>Add a centered heading text element</doc>
<status status="PASS" starttime="20220117 12:26:43.057" endtime="20220117 12:26:43.058"/>
</kw>
<kw name="Add text input" library="RPA.Dialogs">
<arg>username</arg>
<arg>label=Username</arg>
<tag>input</tag>
<doc>Add a text input element</doc>
<status status="PASS" starttime="20220117 12:26:43.060" endtime="20220117 12:26:43.062"/>
</kw>
<kw name="Add text input" library="RPA.Dialogs">
<arg>password</arg>
<arg>label=Password</arg>
<tag>input</tag>
<doc>Add a text input element</doc>
<status status="PASS" starttime="20220117 12:26:43.063" endtime="20220117 12:26:43.064"/>
</kw>
<kw name="Run dialog" library="RPA.Dialogs">
<var>${dialog}</var>
<tag>dialog</tag>
<doc>Create a dialog from all the defined elements and block
until the user has handled it.</doc>
<msg timestamp="20220117 12:26:43.066" level="INFO">Protecting keyword: RPA.Dialogs.Run dialog</msg>
<msg timestamp="20220117 12:27:04.156" level="INFO">Log level changed from NONE to INFO.</msg>
<status status="PASS" starttime="20220117 12:26:43.065" endtime="20220117 12:27:04.155"/>
</kw>
<kw name="Load JSON from file" library="RPA.JSON">
<var>${vault}</var>
<arg>vault.json</arg>
<doc>Load JSON data from a file, and return it as JSON serializable object.
Depending on the input file the object can be either a dictionary,
a list, or a scalar value.</doc>
<msg timestamp="20220117 12:27:04.158" level="INFO">Loading JSON from file: vault.json</msg>
<msg timestamp="20220117 12:27:04.159" level="INFO">${vault} = {'credentials': {'username': 'sanober', 'password': 'sanober11'}}</msg>
<status status="PASS" starttime="20220117 12:27:04.157" endtime="20220117 12:27:04.159"/>
</kw>
<kw name="Set To Dictionary" library="Collections">
<arg>${vault["credentials"]}</arg>
<arg>username=${dialog.username}</arg>
<doc>Adds the given ``key_value_pairs`` and ``items`` to the ``dictionary``.</doc>
<status status="PASS" starttime="20220117 12:27:04.160" endtime="20220117 12:27:04.165"/>
</kw>
<kw name="Set To Dictionary" library="Collections">
<arg>${vault["credentials"]}</arg>
<arg>password=${dialog.password}</arg>
<doc>Adds the given ``key_value_pairs`` and ``items`` to the ``dictionary``.</doc>
<status status="PASS" starttime="20220117 12:27:04.166" endtime="20220117 12:27:04.170"/>
</kw>
<kw name="Evaluate" library="BuiltIn">
<var>${json_new}</var>
<arg>json.dumps(${vault})</arg>
<arg>json</arg>
<doc>Evaluates the given expression in Python and returns the result.</doc>
<msg timestamp="20220117 12:27:04.172" level="INFO">${json_new} = {"credentials": {"username": "abc", "password": "123"}}</msg>
<status status="PASS" starttime="20220117 12:27:04.171" endtime="20220117 12:27:04.172"/>
</kw>
<kw name="Save JSON to file" library="RPA.JSON">
<arg>${json_new}</arg>
<arg>vault.json</arg>
<doc>Save a JSON serializable object or a string containg
a JSON value into a file.</doc>
<msg timestamp="20220117 12:27:04.174" level="INFO">Saving JSON to file: vault.json</msg>
<status status="PASS" starttime="20220117 12:27:04.173" endtime="20220117 12:27:04.176"/>
</kw>
<status status="PASS" starttime="20220117 12:26:43.056" endtime="20220117 12:27:04.177"/>
</kw>
<kw name="Start Order Processing Work From Here" library="Start_Robot_Work_From_Here">
<kw name="Is Directory and File Exist" library="DirectoryWork">
<kw name="Remove File" library="RPA.FileSystem">
<arg>${orders_file}</arg>
<doc>Removes the given file.</doc>
<status status="PASS" starttime="20220117 12:27:04.183" endtime="20220117 12:27:04.184"/>
</kw>
<kw name="Does Directory Exist" library="RPA.FileSystem">
<var>${reciept_folder}</var>
<arg>${PDF_Dir}</arg>
<doc>Returns True if the given directory exists, False if not.</doc>
<msg timestamp="20220117 12:27:04.187" level="INFO">${reciept_folder} = True</msg>
<status status="PASS" starttime="20220117 12:27:04.185" endtime="20220117 12:27:04.187"/>
</kw>
<kw name="Log" library="BuiltIn">
<arg>${reciept_folder}</arg>
<doc>Logs the given message with the given level.</doc>
<msg timestamp="20220117 12:27:04.189" level="INFO">True</msg>
<status status="PASS" starttime="20220117 12:27:04.188" endtime="20220117 12:27:04.189"/>
</kw>
<kw name="Does Directory Exist" library="RPA.FileSystem">
<var>${robots_folder}</var>
<arg>${Image_Dir}</arg>
<doc>Returns True if the given directory exists, False if not.</doc>
<msg timestamp="20220117 12:27:04.192" level="INFO">${robots_folder} = True</msg>
<status status="PASS" starttime="20220117 12:27:04.190" endtime="20220117 12:27:04.192"/>
</kw>
<kw name="Log" library="BuiltIn">
<arg>${robots_folder}</arg>
<doc>Logs the given message with the given level.</doc>
<msg timestamp="20220117 12:27:04.194" level="INFO">True</msg>
<status status="PASS" starttime="20220117 12:27:04.193" endtime="20220117 12:27:04.198"/>
</kw>
<if>
<branch type="IF" condition="'${reciept_folder}'=='False'">
<kw name="Create Directory" library="RPA.FileSystem">
<arg>${PDF_Dir}</arg>
<doc>Creates a directory and (optionally) non-existing parent directories.</doc>
<status status="NOT RUN" starttime="20220117 12:27:04.203" endtime="20220117 12:27:04.204"/>
</kw>
<status status="NOT RUN" starttime="20220117 12:27:04.203" endtime="20220117 12:27:04.204"/>
</branch>
<branch type="ELSE">
<kw name="Log" library="BuiltIn">
<arg>${PDF_Dir} Directory Already Exists</arg>
<doc>Logs the given message with the given level.</doc>
<msg timestamp="20220117 12:27:04.206" level="INFO">C:\Users\lenevo\Documents\Robots\Robocorp CerII\Resources\PDF_reciepts Directory Already Exists</msg>
<status status="PASS" starttime="20220117 12:27:04.205" endtime="20220117 12:27:04.206"/>
</kw>
<status status="PASS" starttime="20220117 12:27:04.204" endtime="20220117 12:27:04.206"/>
</branch>
<status status="PASS" starttime="20220117 12:27:04.202" endtime="20220117 12:27:04.206"/>
</if>
<if>
<branch type="IF" condition="'${robots_folder}'=='False'">
<kw name="Create Directory" library="RPA.FileSystem">
<arg>${Image_Dir}</arg>
<doc>Creates a directory and (optionally) non-existing parent directories.</doc>
<status status="NOT RUN" starttime="20220117 12:27:04.208" endtime="20220117 12:27:04.208"/>
</kw>
<status status="NOT RUN" starttime="20220117 12:27:04.207" endtime="20220117 12:27:04.208"/>
</branch>
<branch type="ELSE">
<kw name="Log" library="BuiltIn">
<arg>${Image_Dir} Directory Already Exists</arg>
<doc>Logs the given message with the given level.</doc>
<msg timestamp="20220117 12:27:04.210" level="INFO">C:\Users\lenevo\Documents\Robots\Robocorp CerII\Resources\Images_robot Directory Already Exists</msg>
<status status="PASS" starttime="20220117 12:27:04.209" endtime="20220117 12:27:04.210"/>
</kw>
<status status="PASS" starttime="20220117 12:27:04.208" endtime="20220117 12:27:04.214"/>
</branch>
<status status="PASS" starttime="20220117 12:27:04.207" endtime="20220117 12:27:04.216"/>
</if>
<status status="PASS" starttime="20220117 12:27:04.182" endtime="20220117 12:27:04.217"/>
</kw>
<kw name="Csv File Downloding To Directory" library="CsvFile_Work">
<kw name="Download" library="RPA.HTTP">
<arg>${CSV_Url}</arg>
<arg>${CSV_File_Name}</arg>
<doc>An alias for the ``HTTP Get`` keyword.</doc>
<msg timestamp="20220117 12:27:04.219" level="INFO">Creating a new HTTP session</msg>
<msg timestamp="20220117 12:27:04.219" level="INFO">Creating Session using : alias=rpasession_alias.httpsrobotsparebinindustries.com, url=https://robotsparebinindustries.com, headers={},                     cookies={}, auth=None, timeout=None, proxies=None, verify=True,                     debug=0 </msg>
<msg timestamp="20220117 12:27:05.148" level="INFO">GET Request : url=https://robotsparebinindustries.com/orders.csv 
 path_url=/orders.csv 
 headers={'User-Agent': 'python-requests/2.26.0', 'Accept-Encoding': 'gzip, deflate', 'Accept': '*/*', 'Connection': 'keep-alive'} 
 body=None 
 </msg>
<msg timestamp="20220117 12:27:05.148" level="INFO">GET Response : url=https://robotsparebinindustries.com/orders.csv 
 status=200, reason=OK 
 headers={'Connection': 'keep-alive', 'Content-Length': '199', 'Server': 'GitHub.com', 'Content-Type': 'text/csv; charset=utf-8', 'Last-Modified': 'Fri, 13 Aug 2021 11:27:04 GMT', 'Access-Control-Allow-Origin': '*', 'Strict-Transport-Security': 'max-age=31556952', 'ETag': 'W/"61165708-19c"', 'expires': 'Mon, 17 Jan 2022 06:50:52 GMT', 'Cache-Control': 'max-age=600', 'Content-Encoding': 'gzip', 'x-proxy-cache': 'MISS', 'X-GitHub-Request-Id': '1D4C:1F0B:2C951C6:2DDFA0B:61E50F74', 'Accept-Ranges': 'bytes', 'Date': 'Mon, 17 Jan 2022 07:27:05 GMT', 'Via': '1.1 varnish', 'Age': '0', 'X-Served-By': 'cache-mrs10557-MRS', 'X-Cache': 'MISS', 'X-Cache-Hits': '0', 'X-Timer': 'S1642404425.045648,VS0,VE101', 'Vary': 'Accept-Encoding', 'X-Fastly-Request-ID': 'e4fc5be53fe68796120984de04b11e1277b1a877'} 
 body=Order number,Head,Body,Legs,Address
1,1,2,3,Address 123
2,4,1,5,Address 456
3,6,2,3,Address 789
4,2,3,2,Address 1
5,3,5,1,Address 2
6,1,6,6,Address 3
7,5,1,5,Address 4
8,2,3,3,Address 5
9,3,2,2,Address 6
10,4,4,2,Address 7
11,6,6,1,Address 8
12,1,3,3,Address 9
13,1,5,4,Address A
14,3,1,5,Address B
15,3,2,6,Address C
16,6,3,6,Address D
17,5,4,1,Address E
18,2,5,1,Address F
19,4,6,2,Address G
20,1,1,5,Address H 
 </msg>
<msg timestamp="20220117 12:27:05.360" level="INFO">&lt;IPython.core.display.Markdown object&gt;
C:\Users\lenevo\Documents\Robots\Robocorp CerII\orders.csv</msg>
<status status="PASS" starttime="20220117 12:27:04.218" endtime="20220117 12:27:05.361"/>
</kw>
<status status="PASS" starttime="20220117 12:27:04.217" endtime="20220117 12:27:05.361"/>
</kw>
<kw name="Get Data From Order CSV File and Return" library="CsvFile_Work">
<var>${Data_Table}</var>
<kw name="Read table from CSV" library="RPA.Tables">
<var>${Table}</var>
<arg>${CSV_File_Name}</arg>
<arg>header=True</arg>
<doc>Read a CSV file as a table.</doc>
<msg timestamp="20220117 12:27:05.377" level="INFO">&lt;IPython.core.display.Markdown object&gt;
&lt;IPython.core.display.Markdown object&gt;</msg>
<msg timestamp="20220117 12:27:05.377" level="INFO">${Table} = Table(columns=['Order number', 'Head', 'Body', 'Legs', 'Address'], rows=20)</msg>
<status status="PASS" starttime="20220117 12:27:05.362" endtime="20220117 12:27:05.377"/>
</kw>
<kw name="Return From Keyword" library="BuiltIn">
<arg>${Table}</arg>
<doc>Returns from the enclosing user keyword.</doc>
<msg timestamp="20220117 12:27:05.378" level="INFO">Returning from the enclosing user keyword.</msg>
<status status="PASS" starttime="20220117 12:27:05.378" endtime="20220117 12:27:05.379"/>
</kw>
<msg timestamp="20220117 12:27:05.380" level="INFO">${Data_Table} = Table(columns=['Order number', 'Head', 'Body', 'Legs', 'Address'], rows=20)</msg>
<status status="PASS" starttime="20220117 12:27:05.362" endtime="20220117 12:27:05.380"/>
</kw>
<kw name="Order The Bot And Get The Receipt" library="Creation_Of_Bots_And_Receipts">
<arg>${Data_Table}</arg>
<kw name="Goto The Order URL Website" library="Creation_Of_Bots_And_Receipts">
<kw name="Open Available Browser" library="RPA.Browser.Selenium">
<arg>${URL_website}</arg>
<doc>Attempts to open a browser on the user's device from a set of
supported browsers. Automatically downloads a corresponding webdriver
if none is already installed.</doc>
<msg timestamp="20220117 12:27:05.383" level="INFO">Creating an instance of the Chrome WebDriver.</msg>
<msg timestamp="20220117 12:27:06.517" level="INFO">Created Chrome browser with arguments: --disable-dev-shm-usage --disable-web-security --allow-running-insecure-content --no-sandbox</msg>
<msg timestamp="20220117 12:27:06.517" level="INFO" html="true">&lt;p&gt;Attempted combinations:&lt;/p&gt;&lt;div class="doc"&gt;&lt;table&gt;&lt;tr&gt;&lt;th&gt;Browser&lt;/th&gt;&lt;th&gt;Download&lt;/th&gt;&lt;th&gt;Error&lt;/th&gt;&lt;/tr&gt;&lt;tr&gt;&lt;td&gt;Chrome&lt;/td&gt;&lt;td&gt;False&lt;/td&gt;&lt;td&gt;&lt;/td&gt;&lt;/tr&gt;&lt;/table&gt;&lt;/div&gt;</msg>
<msg timestamp="20220117 12:27:06.518" level="INFO">Opening url 'https://robotsparebinindustries.com/#/robot-order'</msg>
<status status="PASS" starttime="20220117 12:27:05.382" endtime="20220117 12:27:08.819"/>
</kw>
<kw name="Maximize Browser Window" library="RPA.Browser.Selenium">
<doc>Maximizes current browser window.</doc>
<status status="PASS" starttime="20220117 12:27:08.820" endtime="20220117 12:27:08.983"/>
</kw>
<status status="PASS" starttime="20220117 12:27:05.381" endtime="20220117 12:27:08.984"/>
</kw>
<for flavor="IN">
<var>${row}</var>
<value>@{table}</value>
<iter>
<var name="${row}">{'Order number': '1', 'Head': '1', 'Body': '2', 'Legs': '3', 'Address': 'Address 123'}</var>
<kw name="Fill Data To Form" library="FillTheForm">
<arg>${row}</arg>
<kw name="Wait Until Page Contains Element" library="RPA.Browser.Selenium">
<arg>//button[@class="btn btn-dark"]</arg>
<doc>Waits until the element ``locator`` appears on the current page.</doc>
<status status="PASS" starttime="20220117 12:27:08.986" endtime="20220117 12:27:09.000"/>
</kw>
<kw name="Click Button" library="RPA.Browser.Selenium">
<arg>//button[@class="btn btn-dark"]</arg>
<doc>Clicks the button identified by ``locator``.</doc>
<msg timestamp="20220117 12:27:09.001" level="INFO">Clicking button '//button[@class="btn btn-dark"]'.</msg>
<status status="PASS" starttime="20220117 12:27:09.001" endtime="20220117 12:27:09.057"/>
</kw>
<kw name="Select From List By Value" library="RPA.Browser.Selenium">
<arg>//select[@name="head"]</arg>
<arg>${row}[Head]</arg>
<doc>Selects options from selection list ``locator`` by ``values``.</doc>
<msg timestamp="20220117 12:27:09.058" level="INFO">Selecting options from selection list '//select[@name="head"]' by value 1.</msg>
<status status="PASS" starttime="20220117 12:27:09.058" endtime="20220117 12:27:09.119"/>
</kw>
<kw name="Click Element" library="RPA.Browser.Selenium">
<arg>//input[@value="${row}[Body]"]</arg>
<doc>Click the element identified by ``locator``.</doc>
<msg timestamp="20220117 12:27:09.119" level="INFO">Clicking element '//input[@value="2"]'.</msg>
<status status="PASS" starttime="20220117 12:27:09.119" endtime="20220117 12:27:09.171"/>
</kw>
<kw name="Input Text" library="RPA.Browser.Selenium">
<arg>//input[@placeholder="Enter the part number for the legs"]</arg>
<arg>${row}[Legs]</arg>
<doc>Types the given ``text`` into the text field identified by ``locator``.</doc>
<msg timestamp="20220117 12:27:09.172" level="INFO">Typing text '3' into text field '//input[@placeholder="Enter the part number for the legs"]'.</msg>
<status status="PASS" starttime="20220117 12:27:09.172" endtime="20220117 12:27:09.255"/>
</kw>
<kw name="Input Text" library="RPA.Browser.Selenium">
<arg>//input[@name="address"]</arg>
<arg>${row}[Address]</arg>
<doc>Types the given ``text`` into the text field identified by ``locator``.</doc>
<msg timestamp="20220117 12:27:09.256" level="INFO">Typing text 'Address 123' into text field '//input[@name="address"]'.</msg>
<status status="PASS" starttime="20220117 12:27:09.256" endtime="20220117 12:27:09.347"/>
</kw>
<kw name="Click Button" library="RPA.Browser.Selenium">
<arg>//button[@id="preview"]</arg>
<doc>Clicks the button identified by ``locator``.</doc>
<msg timestamp="20220117 12:27:09.348" level="INFO">Clicking button '//button[@id="preview"]'.</msg>
<status status="PASS" starttime="20220117 12:27:09.348" endtime="20220117 12:27:09.412"/>
</kw>
<kw name="Sleep" library="BuiltIn">
<arg>5 seconds</arg>
<doc>Pauses the test executed for the given time.</doc>
<msg timestamp="20220117 12:27:14.427" level="INFO">Slept 5 seconds</msg>
<status status="PASS" starttime="20220117 12:27:09.413" endtime="20220117 12:27:14.427"/>
</kw>
<kw name="Click Button" library="RPA.Browser.Selenium">
<arg>//*[@id="order"]</arg>
<doc>Clicks the button identified by ``locator``.</doc>
<msg timestamp="20220117 12:27:14.428" level="INFO">Clicking button '//*[@id="order"]'.</msg>
<status status="PASS" starttime="20220117 12:27:14.428" endtime="20220117 12:27:14.488"/>
</kw>
<status status="PASS" starttime="20220117 12:27:08.985" endtime="20220117 12:27:14.489"/>
</kw>
<kw name="Check Exception if occured" library="ExceptionHandling">
<for flavor="IN RANGE">
<var>${i}</var>
<value>${50}</value>
<iter>
<var name="${i}">0</var>
<kw name="Is Element Visible" library="RPA.Browser.Selenium">
<var>${server_error}</var>
<arg>//div[@class="alert alert-danger"]</arg>
<doc>Is element visible</doc>
<msg timestamp="20220117 12:27:14.505" level="INFO" html="true">Ran with keyword &lt;b&gt;Element Should Be Visible&lt;/b&gt; which returned error: &lt;i&gt;Element with locator '//div[@class="alert alert-danger"]' not found.&lt;/i&gt;</msg>
<msg timestamp="20220117 12:27:14.506" level="INFO">${server_error} = False</msg>
<status status="PASS" starttime="20220117 12:27:14.492" endtime="20220117 12:27:14.506"/>
</kw>
<kw name="Run Keyword If" library="BuiltIn">
<arg>'${server_error}'=='True'</arg>
<arg>Click Button</arg>
<arg>//button[@id="order"]</arg>
<doc>Runs the given keyword with the given arguments, if ``condition`` is true.</doc>
<status status="PASS" starttime="20220117 12:27:14.506" endtime="20220117 12:27:14.507"/>
</kw>
<kw name="Exit For Loop If" library="BuiltIn">
<arg>'${server_error}'=='False'</arg>
<doc>Stops executing the enclosing for loop if the ``condition`` is true.</doc>
<msg timestamp="20220117 12:27:14.508" level="INFO">Exiting for loop altogether.</msg>
<status status="PASS" starttime="20220117 12:27:14.507" endtime="20220117 12:27:14.508"/>
</kw>
<status status="PASS" starttime="20220117 12:27:14.491" endtime="20220117 12:27:14.508"/>
</iter>
<status status="PASS" starttime="20220117 12:27:14.490" endtime="20220117 12:27:14.508"/>
</for>
<kw name="Run Keyword If" library="BuiltIn">
<arg>'${server_error}'=='True'</arg>
<arg>Close the browser</arg>
<doc>Runs the given keyword with the given arguments, if ``condition`` is true.</doc>
<status status="PASS" starttime="20220117 12:27:14.508" endtime="20220117 12:27:14.509"/>
</kw>
<status status="PASS" starttime="20220117 12:27:14.489" endtime="20220117 12:27:14.509"/>
</kw>
<kw name="Get Text" library="RPA.Browser.Selenium">
<var>${orderid}</var>
<arg>//*[@id="receipt"]/p[1]</arg>
<doc>Returns the text value of the element identified by ``locator``.</doc>
<msg timestamp="20220117 12:27:14.529" level="INFO">${orderid} = RSB-ROBO-ORDER-GTISCJG8LR</msg>
<status status="PASS" starttime="20220117 12:27:14.509" endtime="20220117 12:27:14.529"/>
</kw>
<kw name="Set Local Variable" library="BuiltIn">
<arg>${PDF_File}</arg>
<arg>${orderid}.pdf</arg>
<doc>Makes a variable available everywhere within the local scope.</doc>
<msg timestamp="20220117 12:27:14.530" level="INFO">${PDF_File} = RSB-ROBO-ORDER-GTISCJG8LR.pdf</msg>
<status status="PASS" starttime="20220117 12:27:14.529" endtime="20220117 12:27:14.531"/>
</kw>
<kw name="Set Local Variable" library="BuiltIn">
<arg>${Image_File}</arg>
<arg>${orderid}.png</arg>
<doc>Makes a variable available everywhere within the local scope.</doc>
<msg timestamp="20220117 12:27:14.532" level="INFO">${Image_File} = RSB-ROBO-ORDER-GTISCJG8LR.png</msg>
<status status="PASS" starttime="20220117 12:27:14.531" endtime="20220117 12:27:14.532"/>
</kw>
<kw name="Capture Element Screenshot" library="RPA.Browser.Selenium">
<arg>//*[@id="robot-preview-image"]</arg>
<arg>${Image_Dir}${/}${Image_File}</arg>
<doc>Captures a screenshot from the element identified by ``locator`` and embeds it into log file.</doc>
<msg timestamp="20220117 12:27:14.636" level="INFO" html="true">&lt;/td&gt;&lt;/tr&gt;&lt;tr&gt;&lt;td colspan="3"&gt;&lt;a href="../Resources/Images_robot/RSB-ROBO-ORDER-GTISCJG8LR.png"&gt;&lt;img src="../Resources/Images_robot/RSB-ROBO-ORDER-GTISCJG8LR.png" width="400px"&gt;&lt;/a&gt;</msg>
<status status="PASS" starttime="20220117 12:27:14.532" endtime="20220117 12:27:14.636"/>
</kw>
<kw name="Get Element Attribute" library="RPA.Browser.Selenium">
<var>${reciept_data}</var>
<arg>//div[@id="receipt"]</arg>
<arg>outerHTML</arg>
<doc>Returns the value of ``attribute`` from the element ``locator``.</doc>
<msg timestamp="20220117 12:27:14.660" level="INFO">${reciept_data} = &lt;div id="receipt" class="alert alert-success" role="alert"&gt;&lt;h3&gt;Receipt&lt;/h3&gt;&lt;div&gt;2022-01-17T07:27:14.478Z&lt;/div&gt;&lt;p class="badge badge-success"&gt;RSB-ROBO-ORDER-GTISCJG8LR&lt;/p&gt;&lt;p&gt;Address 123&lt;/p&gt;&lt;div id="par...</msg>
<status status="PASS" starttime="20220117 12:27:14.637" endtime="20220117 12:27:14.661"/>
</kw>
<kw name="Sleep" library="BuiltIn">
<arg>5 seconds</arg>
<doc>Pauses the test executed for the given time.</doc>
<msg timestamp="20220117 12:27:19.671" level="INFO">Slept 5 seconds</msg>
<status status="PASS" starttime="20220117 12:27:14.661" endtime="20220117 12:27:19.672"/>
</kw>
<kw name="Creating the PDF files and Create pdf zip file" library="PDF_And_Zip_Files">
<arg>${PDF_File}</arg>
<arg>${Image_File}</arg>
<arg>${reciept_data}</arg>
<kw name="Html To Pdf" library="RPA.PDF">
<arg>${reciept_data}</arg>
<arg>${PDF_Dir}${/}${PDF_File}</arg>
<doc>Generate a PDF file from HTML content.</doc>
<msg timestamp="20220117 12:27:19.675" level="INFO">Writing output to file C:\Users\lenevo\Documents\Robots\Robocorp CerII\Resources\PDF_reciepts\RSB-ROBO-ORDER-GTISCJG8LR.pdf</msg>
<status status="PASS" starttime="20220117 12:27:19.674" endtime="20220117 12:27:19.861"/>
</kw>
<kw name="Add Watermark Image To Pdf" library="RPA.PDF">
<arg>${Image_Dir}${/}${Image_File}</arg>
<arg>${PDF_Dir}${/}${PDF_File}</arg>
<arg>${PDF_Dir}${/}${PDF_File}</arg>
<doc>Add an image into an existing or new PDF.</doc>
<status status="PASS" starttime="20220117 12:27:19.862" endtime="20220117 12:27:20.127"/>
</kw>
<kw name="Close Pdf" library="RPA.PDF">
<arg>${PDF_Dir}${/}${PDF_FILE}</arg>
<doc>Close PDF file descriptor for a certain file.</doc>
<msg timestamp="20220117 12:27:20.130" level="INFO">Closing PDF document: C:\Users\lenevo\Documents\Robots\Robocorp CerII\Resources\PDF_reciepts\RSB-ROBO-ORDER-GTISCJG8LR.pdf</msg>
<status status="PASS" starttime="20220117 12:27:20.128" endtime="20220117 12:27:20.130"/>
</kw>
<kw name="Open Pdf" library="RPA.PDF">
<arg>${PDF_Dir}${/}${PDF_FILE}</arg>
<doc>Open a PDF document for reading.</doc>
<status status="PASS" starttime="20220117 12:27:20.130" endtime="20220117 12:27:20.132"/>
</kw>
<kw name="Create List" library="BuiltIn">
<var>@{myfiles}</var>
<arg>${Image_Dir}${/}${Image_File}</arg>
<doc>Returns a list containing given items.</doc>
<msg timestamp="20220117 12:27:20.134" level="INFO">@{myfiles} = [ C:\Users\lenevo\Documents\Robots\Robocorp CerII\Resources\Images_robot\RSB-ROBO-ORDER-GTISCJG8LR.png ]</msg>
<status status="PASS" starttime="20220117 12:27:20.133" endtime="20220117 12:27:20.134"/>
</kw>
<kw name="Add Files To Pdf" library="RPA.PDF">
<arg>${myfiles}</arg>
<arg>${PDF_Dir}${/}${PDF_FILE}</arg>
<arg>${True}</arg>
<doc>Add images and/or pdfs to new PDF document</doc>
<msg timestamp="20220117 12:27:20.138" level="INFO">Adding page: 0</msg>
<msg timestamp="20220117 12:27:20.139" level="INFO">File C:\Users\lenevo\Documents\Robots\Robocorp CerII\Resources\Images_robot\RSB-ROBO-ORDER-GTISCJG8LR.png type: png</msg>
<msg timestamp="20220117 12:27:20.139" level="INFO">Image parameters: {}</msg>
<status status="PASS" starttime="20220117 12:27:20.134" endtime="20220117 12:27:20.267"/>
</kw>
<kw name="Close Pdf" library="RPA.PDF">
<arg>${PDF_Dir}${/}${PDF_FILE}</arg>
<doc>Close PDF file descriptor for a certain file.</doc>
<msg timestamp="20220117 12:27:20.268" level="INFO">Closing PDF document: C:\Users\lenevo\Documents\Robots\Robocorp CerII\Resources\PDF_reciepts\RSB-ROBO-ORDER-GTISCJG8LR.pdf</msg>
<status status="PASS" starttime="20220117 12:27:20.267" endtime="20220117 12:27:20.269"/>
</kw>
<status status="PASS" starttime="20220117 12:27:19.672" endtime="20220117 12:27:20.269"/>
</kw>
<kw name="Sleep" library="BuiltIn">
<arg>5 seconds</arg>
<doc>Pauses the test executed for the given time.</doc>
<msg timestamp="20220117 12:27:25.277" level="INFO">Slept 5 seconds</msg>
<status status="PASS" starttime="20220117 12:27:20.270" endtime="20220117 12:27:25.277"/>
</kw>
<kw name="Click Button" library="RPA.Browser.Selenium">
<arg>//button[@id="order-another"]</arg>
<doc>Clicks the button identified by ``locator``.</doc>
<msg timestamp="20220117 12:27:25.279" level="INFO">Clicking button '//button[@id="order-another"]'.</msg>
<status status="PASS" starttime="20220117 12:27:25.278" endtime="20220117 12:27:25.743"/>
</kw>
<status status="PASS" starttime="20220117 12:27:08.985" endtime="20220117 12:27:25.744"/>
</iter>
<iter>
<var name="${row}">{'Order number': '2', 'Head': '4', 'Body': '1', 'Legs': '5', 'Address': 'Address 456'}</var>
<kw name="Fill Data To Form" library="FillTheForm">
<arg>${row}</arg>
<kw name="Wait Until Page Contains Element" library="RPA.Browser.Selenium">
<arg>//button[@class="btn btn-dark"]</arg>
<doc>Waits until the element ``locator`` appears on the current page.</doc>
<status status="PASS" starttime="20220117 12:27:25.750" endtime="20220117 12:27:25.772"/>
</kw>
<kw name="Click Button" library="RPA.Browser.Selenium">
<arg>//button[@class="btn btn-dark"]</arg>
<doc>Clicks the button identified by ``locator``.</doc>
<msg timestamp="20220117 12:27:25.774" level="INFO">Clicking button '//button[@class="btn btn-dark"]'.</msg>
<status status="PASS" starttime="20220117 12:27:25.773" endtime="20220117 12:27:25.875"/>
</kw>
<kw name="Select From List By Value" library="RPA.Browser.Selenium">
<arg>//select[@name="head"]</arg>
<arg>${row}[Head]</arg>
<doc>Selects options from selection list ``locator`` by ``values``.</doc>
<msg timestamp="20220117 12:27:25.877" level="INFO">Selecting options from selection list '//select[@name="head"]' by value 4.</msg>
<status status="PASS" starttime="20220117 12:27:25.876" endtime="20220117 12:27:26.002"/>
</kw>
<kw name="Click Element" library="RPA.Browser.Selenium">
<arg>//input[@value="${row}[Body]"]</arg>
<doc>Click the element identified by ``locator``.</doc>
<msg timestamp="20220117 12:27:26.003" level="INFO">Clicking element '//input[@value="1"]'.</msg>
<status status="PASS" starttime="20220117 12:27:26.002" endtime="20220117 12:27:26.111"/>
</kw>
<kw name="Input Text" library="RPA.Browser.Selenium">
<arg>//input[@placeholder="Enter the part number for the legs"]</arg>
<arg>${row}[Legs]</arg>
<doc>Types the given ``text`` into the text field identified by ``locator``.</doc>
<msg timestamp="20220117 12:27:26.113" level="INFO">Typing text '5' into text field '//input[@placeholder="Enter the part number for the legs"]'.</msg>
<status status="PASS" starttime="20220117 12:27:26.112" endtime="20220117 12:27:26.290"/>
</kw>
<kw name="Input Text" library="RPA.Browser.Selenium">
<arg>//input[@name="address"]</arg>
<arg>${row}[Address]</arg>
<doc>Types the given ``text`` into the text field identified by ``locator``.</doc>
<msg timestamp="20220117 12:27:26.292" level="INFO">Typing text 'Address 456' into text field '//input[@name="address"]'.</msg>
<status status="PASS" starttime="20220117 12:27:26.291" endtime="20220117 12:27:26.476"/>
</kw>
<kw name="Click Button" library="RPA.Browser.Selenium">
<arg>//button[@id="preview"]</arg>
<doc>Clicks the button identified by ``locator``.</doc>
<msg timestamp="20220117 12:27:26.477" level="INFO">Clicking button '//button[@id="preview"]'.</msg>
<status status="PASS" starttime="20220117 12:27:26.476" endtime="20220117 12:27:26.591"/>
</kw>
<kw name="Sleep" library="BuiltIn">
<arg>5 seconds</arg>
<doc>Pauses the test executed for the given time.</doc>
<msg timestamp="20220117 12:27:31.598" level="INFO">Slept 5 seconds</msg>
<status status="PASS" starttime="20220117 12:27:26.592" endtime="20220117 12:27:31.598"/>
</kw>
<kw name="Click Button" library="RPA.Browser.Selenium">
<arg>//*[@id="order"]</arg>
<doc>Clicks the button identified by ``locator``.</doc>
<msg timestamp="20220117 12:27:31.602" level="INFO">Clicking button '//*[@id="order"]'.</msg>
<status status="PASS" starttime="20220117 12:27:31.600" endtime="20220117 12:27:31.807"/>
</kw>
<status status="PASS" starttime="20220117 12:27:25.746" endtime="20220117 12:27:31.808"/>
</kw>
<kw name="Check Exception if occured" library="ExceptionHandling">
<for flavor="IN RANGE">
<var>${i}</var>
<value>${50}</value>
<iter>
<var name="${i}">0</var>
<kw name="Is Element Visible" library="RPA.Browser.Selenium">
<var>${server_error}</var>
<arg>//div[@class="alert alert-danger"]</arg>
<doc>Is element visible</doc>
<msg timestamp="20220117 12:27:31.857" level="INFO" html="true">Ran with keyword &lt;b&gt;Element Should Be Visible&lt;/b&gt; which returned error: &lt;i&gt;Element with locator '//div[@class="alert alert-danger"]' not found.&lt;/i&gt;</msg>
<msg timestamp="20220117 12:27:31.857" level="INFO">${server_error} = False</msg>
<status status="PASS" starttime="20220117 12:27:31.819" endtime="20220117 12:27:31.858"/>
</kw>
<kw name="Run Keyword If" library="BuiltIn">
<arg>'${server_error}'=='True'</arg>
<arg>Click Button</arg>
<arg>//button[@id="order"]</arg>
<doc>Runs the given keyword with the given arguments, if ``condition`` is true.</doc>
<status status="PASS" starttime="20220117 12:27:31.859" endtime="20220117 12:27:31.860"/>
</kw>
<kw name="Exit For Loop If" library="BuiltIn">
<arg>'${server_error}'=='False'</arg>
<doc>Stops executing the enclosing for loop if the ``condition`` is true.</doc>
<msg timestamp="20220117 12:27:31.864" level="INFO">Exiting for loop altogether.</msg>
<status status="PASS" starttime="20220117 12:27:31.861" endtime="20220117 12:27:31.866"/>
</kw>
<status status="PASS" starttime="20220117 12:27:31.816" endtime="20220117 12:27:31.867"/>
</iter>
<status status="PASS" starttime="20220117 12:27:31.810" endtime="20220117 12:27:31.867"/>
</for>
<kw name="Run Keyword If" library="BuiltIn">
<arg>'${server_error}'=='True'</arg>
<arg>Close the browser</arg>
<doc>Runs the given keyword with the given arguments, if ``condition`` is true.</doc>
<status status="PASS" starttime="20220117 12:27:31.868" endtime="20220117 12:27:31.870"/>
</kw>
<status status="PASS" starttime="20220117 12:27:31.809" endtime="20220117 12:27:31.871"/>
</kw>
<kw name="Get Text" library="RPA.Browser.Selenium">
<var>${orderid}</var>
<arg>//*[@id="receipt"]/p[1]</arg>
<doc>Returns the text value of the element identified by ``locator``.</doc>
<msg timestamp="20220117 12:27:31.939" level="INFO">${orderid} = RSB-ROBO-ORDER-6FB7MPZ3UA</msg>
<status status="PASS" starttime="20220117 12:27:31.871" endtime="20220117 12:27:31.939"/>
</kw>
<kw name="Set Local Variable" library="BuiltIn">
<arg>${PDF_File}</arg>
<arg>${orderid}.pdf</arg>
<doc>Makes a variable available everywhere within the local scope.</doc>
<msg timestamp="20220117 12:27:31.944" level="INFO">${PDF_File} = RSB-ROBO-ORDER-6FB7MPZ3UA.pdf</msg>
<status status="PASS" starttime="20220117 12:27:31.942" endtime="20220117 12:27:31.944"/>
</kw>
<kw name="Set Local Variable" library="BuiltIn">
<arg>${Image_File}</arg>
<arg>${orderid}.png</arg>
<doc>Makes a variable available everywhere within the local scope.</doc>
<msg timestamp="20220117 12:27:31.946" level="INFO">${Image_File} = RSB-ROBO-ORDER-6FB7MPZ3UA.png</msg>
<status status="PASS" starttime="20220117 12:27:31.945" endtime="20220117 12:27:31.946"/>
</kw>
<kw name="Capture Element Screenshot" library="RPA.Browser.Selenium">
<arg>//*[@id="robot-preview-image"]</arg>
<arg>${Image_Dir}${/}${Image_File}</arg>
<doc>Captures a screenshot from the element identified by ``locator`` and embeds it into log file.</doc>
<msg timestamp="20220117 12:27:32.515" level="INFO" html="true">&lt;/td&gt;&lt;/tr&gt;&lt;tr&gt;&lt;td colspan="3"&gt;&lt;a href="../Resources/Images_robot/RSB-ROBO-ORDER-6FB7MPZ3UA.png"&gt;&lt;img src="../Resources/Images_robot/RSB-ROBO-ORDER-6FB7MPZ3UA.png" width="400px"&gt;&lt;/a&gt;</msg>
<status status="PASS" starttime="20220117 12:27:31.948" endtime="20220117 12:27:32.517"/>
</kw>
<kw name="Get Element Attribute" library="RPA.Browser.Selenium">
<var>${reciept_data}</var>
<arg>//div[@id="receipt"]</arg>
<arg>outerHTML</arg>
<doc>Returns the value of ``attribute`` from the element ``locator``.</doc>
<msg timestamp="20220117 12:27:32.550" level="INFO">${reciept_data} = &lt;div id="receipt" class="alert alert-success" role="alert"&gt;&lt;h3&gt;Receipt&lt;/h3&gt;&lt;div&gt;2022-01-17T07:27:31.780Z&lt;/div&gt;&lt;p class="badge badge-success"&gt;RSB-ROBO-ORDER-6FB7MPZ3UA&lt;/p&gt;&lt;p&gt;Address 456&lt;/p&gt;&lt;div id="par...</msg>
<status status="PASS" starttime="20220117 12:27:32.519" endtime="20220117 12:27:32.550"/>
</kw>
<kw name="Sleep" library="BuiltIn">
<arg>5 seconds</arg>
<doc>Pauses the test executed for the given time.</doc>
<msg timestamp="20220117 12:27:37.559" level="INFO">Slept 5 seconds</msg>
<status status="PASS" starttime="20220117 12:27:32.551" endtime="20220117 12:27:37.560"/>
</kw>
<kw name="Creating the PDF files and Create pdf zip file" library="PDF_And_Zip_Files">
<arg>${PDF_File}</arg>
<arg>${Image_File}</arg>
<arg>${reciept_data}</arg>
<kw name="Html To Pdf" library="RPA.PDF">
<arg>${reciept_data}</arg>
<arg>${PDF_Dir}${/}${PDF_File}</arg>
<doc>Generate a PDF file from HTML content.</doc>
<msg timestamp="20220117 12:27:37.568" level="INFO">Writing output to file C:\Users\lenevo\Documents\Robots\Robocorp CerII\Resources\PDF_reciepts\RSB-ROBO-ORDER-6FB7MPZ3UA.pdf</msg>
<status status="PASS" starttime="20220117 12:27:37.565" endtime="20220117 12:27:37.868"/>
</kw>
<kw name="Add Watermark Image To Pdf" library="RPA.PDF">
<arg>${Image_Dir}${/}${Image_File}</arg>
<arg>${PDF_Dir}${/}${PDF_File}</arg>
<arg>${PDF_Dir}${/}${PDF_File}</arg>
<doc>Add an image into an existing or new PDF.</doc>
<status status="PASS" starttime="20220117 12:27:37.870" endtime="20220117 12:27:38.023"/>
</kw>
<kw name="Close Pdf" library="RPA.PDF">
<arg>${PDF_Dir}${/}${PDF_FILE}</arg>
<doc>Close PDF file descriptor for a certain file.</doc>
<msg timestamp="20220117 12:27:38.026" level="INFO">Closing PDF document: C:\Users\lenevo\Documents\Robots\Robocorp CerII\Resources\PDF_reciepts\RSB-ROBO-ORDER-6FB7MPZ3UA.pdf</msg>
<status status="PASS" starttime="20220117 12:27:38.025" endtime="20220117 12:27:38.027"/>
</kw>
<kw name="Open Pdf" library="RPA.PDF">
<arg>${PDF_Dir}${/}${PDF_FILE}</arg>
<doc>Open a PDF document for reading.</doc>
<status status="PASS" starttime="20220117 12:27:38.028" endtime="20220117 12:27:38.030"/>
</kw>
<kw name="Create List" library="BuiltIn">
<var>@{myfiles}</var>
<arg>${Image_Dir}${/}${Image_File}</arg>
<doc>Returns a list containing given items.</doc>
<msg timestamp="20220117 12:27:38.033" level="INFO">@{myfiles} = [ C:\Users\lenevo\Documents\Robots\Robocorp CerII\Resources\Images_robot\RSB-ROBO-ORDER-6FB7MPZ3UA.png ]</msg>
<status status="PASS" starttime="20220117 12:27:38.031" endtime="20220117 12:27:38.033"/>
</kw>
<kw name="Add Files To Pdf" library="RPA.PDF">
<arg>${myfiles}</arg>
<arg>${PDF_Dir}${/}${PDF_FILE}</arg>
<arg>${True}</arg>
<doc>Add images and/or pdfs to new PDF document</doc>
<msg timestamp="20220117 12:27:38.038" level="INFO">Adding page: 0</msg>
<msg timestamp="20220117 12:27:38.039" level="INFO">File C:\Users\lenevo\Documents\Robots\Robocorp CerII\Resources\Images_robot\RSB-ROBO-ORDER-6FB7MPZ3UA.png type: png</msg>
<msg timestamp="20220117 12:27:38.039" level="INFO">Image parameters: {}</msg>
<status status="PASS" starttime="20220117 12:27:38.034" endtime="20220117 12:27:38.161"/>
</kw>
<kw name="Close Pdf" library="RPA.PDF">
<arg>${PDF_Dir}${/}${PDF_FILE}</arg>
<doc>Close PDF file descriptor for a certain file.</doc>
<msg timestamp="20220117 12:27:38.164" level="INFO">Closing PDF document: C:\Users\lenevo\Documents\Robots\Robocorp CerII\Resources\PDF_reciepts\RSB-ROBO-ORDER-6FB7MPZ3UA.pdf</msg>
<status status="PASS" starttime="20220117 12:27:38.162" endtime="20220117 12:27:38.164"/>
</kw>
<status status="PASS" starttime="20220117 12:27:37.562" endtime="20220117 12:27:38.165"/>
</kw>
<kw name="Sleep" library="BuiltIn">
<arg>5 seconds</arg>
<doc>Pauses the test executed for the given time.</doc>
<msg timestamp="20220117 12:27:43.169" level="INFO">Slept 5 seconds</msg>
<status status="PASS" starttime="20220117 12:27:38.166" endtime="20220117 12:27:43.169"/>
</kw>
<kw name="Click Button" library="RPA.Browser.Selenium">
<arg>//button[@id="order-another"]</arg>
<doc>Clicks the button identified by ``locator``.</doc>
<msg timestamp="20220117 12:27:43.170" level="INFO">Clicking button '//button[@id="order-another"]'.</msg>
<status status="PASS" starttime="20220117 12:27:43.169" endtime="20220117 12:27:43.446"/>
</kw>
<status status="PASS" starttime="20220117 12:27:25.745" endtime="20220117 12:27:43.446"/>
</iter>
<iter>
<var name="${row}">{'Order number': '3', 'Head': '6', 'Body': '2', 'Legs': '3', 'Address': 'Address 789'}</var>
<kw name="Fill Data To Form" library="FillTheForm">
<arg>${row}</arg>
<kw name="Wait Until Page Contains Element" library="RPA.Browser.Selenium">
<arg>//button[@class="btn btn-dark"]</arg>
<doc>Waits until the element ``locator`` appears on the current page.</doc>
<status status="PASS" starttime="20220117 12:27:43.448" endtime="20220117 12:27:43.464"/>
</kw>
<kw name="Click Button" library="RPA.Browser.Selenium">
<arg>//button[@class="btn btn-dark"]</arg>
<doc>Clicks the button identified by ``locator``.</doc>
<msg timestamp="20220117 12:27:43.467" level="INFO">Clicking button '//button[@class="btn btn-dark"]'.</msg>
<status status="PASS" starttime="20220117 12:27:43.466" endtime="20220117 12:27:43.518"/>
</kw>
<kw name="Select From List By Value" library="RPA.Browser.Selenium">
<arg>//select[@name="head"]</arg>
<arg>${row}[Head]</arg>
<doc>Selects options from selection list ``locator`` by ``values``.</doc>
<msg timestamp="20220117 12:27:43.519" level="INFO">Selecting options from selection list '//select[@name="head"]' by value 6.</msg>
<status status="PASS" starttime="20220117 12:27:43.518" endtime="20220117 12:27:43.584"/>
</kw>
<kw name="Click Element" library="RPA.Browser.Selenium">
<arg>//input[@value="${row}[Body]"]</arg>
<doc>Click the element identified by ``locator``.</doc>
<msg timestamp="20220117 12:27:43.585" level="INFO">Clicking element '//input[@value="2"]'.</msg>
<status status="PASS" starttime="20220117 12:27:43.584" endtime="20220117 12:27:43.649"/>
</kw>
<kw name="Input Text" library="RPA.Browser.Selenium">
<arg>//input[@placeholder="Enter the part number for the legs"]</arg>
<arg>${row}[Legs]</arg>
<doc>Types the given ``text`` into the text field identified by ``locator``.</doc>
<msg timestamp="20220117 12:27:43.651" level="INFO">Typing text '3' into text field '//input[@placeholder="Enter the part number for the legs"]'.</msg>
<status status="PASS" starttime="20220117 12:27:43.650" endtime="20220117 12:27:43.766"/>
</kw>
<kw name="Input Text" library="RPA.Browser.Selenium">
<arg>//input[@name="address"]</arg>
<arg>${row}[Address]</arg>
<doc>Types the given ``text`` into the text field identified by ``locator``.</doc>
<msg timestamp="20220117 12:27:43.768" level="INFO">Typing text 'Address 789' into text field '//input[@name="address"]'.</msg>
<status status="PASS" starttime="20220117 12:27:43.767" endtime="20220117 12:27:43.904"/>
</kw>
<kw name="Click Button" library="RPA.Browser.Selenium">
<arg>//button[@id="preview"]</arg>
<doc>Clicks the button identified by ``locator``.</doc>
<msg timestamp="20220117 12:27:43.905" level="INFO">Clicking button '//button[@id="preview"]'.</msg>
<status status="PASS" starttime="20220117 12:27:43.905" endtime="20220117 12:27:44.002"/>
</kw>
<kw name="Sleep" library="BuiltIn">
<arg>5 seconds</arg>
<doc>Pauses the test executed for the given time.</doc>
<msg timestamp="20220117 12:27:49.018" level="INFO">Slept 5 seconds</msg>
<status status="PASS" starttime="20220117 12:27:44.003" endtime="20220117 12:27:49.019"/>
</kw>
<kw name="Click Button" library="RPA.Browser.Selenium">
<arg>//*[@id="order"]</arg>
<doc>Clicks the button identified by ``locator``.</doc>
<msg timestamp="20220117 12:27:49.022" level="INFO">Clicking button '//*[@id="order"]'.</msg>
<status status="PASS" starttime="20220117 12:27:49.021" endtime="20220117 12:27:49.087"/>
</kw>
<status status="PASS" starttime="20220117 12:27:43.447" endtime="20220117 12:27:49.088"/>
</kw>
<kw name="Check Exception if occured" library="ExceptionHandling">
<for flavor="IN RANGE">
<var>${i}</var>
<value>${50}</value>
<iter>
<var name="${i}">0</var>
<kw name="Is Element Visible" library="RPA.Browser.Selenium">
<var>${server_error}</var>
<arg>//div[@class="alert alert-danger"]</arg>
<doc>Is element visible</doc>
<msg timestamp="20220117 12:27:49.114" level="INFO">Element '//div[@class="alert alert-danger"]' is displayed.</msg>
<msg timestamp="20220117 12:27:49.114" level="INFO">${server_error} = True</msg>
<status status="PASS" starttime="20220117 12:27:49.090" endtime="20220117 12:27:49.115"/>
</kw>
<kw name="Run Keyword If" library="BuiltIn">
<arg>'${server_error}'=='True'</arg>
<arg>Click Button</arg>
<arg>//button[@id="order"]</arg>
<doc>Runs the given keyword with the given arguments, if ``condition`` is true.</doc>
<kw name="Click Button" library="RPA.Browser.Selenium">
<arg>//button[@id="order"]</arg>
<doc>Clicks the button identified by ``locator``.</doc>
<msg timestamp="20220117 12:27:49.117" level="INFO">Clicking button '//button[@id="order"]'.</msg>
<status status="PASS" starttime="20220117 12:27:49.116" endtime="20220117 12:27:49.164"/>
</kw>
<status status="PASS" starttime="20220117 12:27:49.115" endtime="20220117 12:27:49.165"/>
</kw>
<kw name="Exit For Loop If" library="BuiltIn">
<arg>'${server_error}'=='False'</arg>
<doc>Stops executing the enclosing for loop if the ``condition`` is true.</doc>
<status status="PASS" starttime="20220117 12:27:49.165" endtime="20220117 12:27:49.166"/>
</kw>
<status status="PASS" starttime="20220117 12:27:49.090" endtime="20220117 12:27:49.166"/>
</iter>
<iter>
<var name="${i}">1</var>
<kw name="Is Element Visible" library="RPA.Browser.Selenium">
<var>${server_error}</var>
<arg>//div[@class="alert alert-danger"]</arg>
<doc>Is element visible</doc>
<msg timestamp="20220117 12:27:49.186" level="INFO">Element '//div[@class="alert alert-danger"]' is displayed.</msg>
<msg timestamp="20220117 12:27:49.187" level="INFO">${server_error} = True</msg>
<status status="PASS" starttime="20220117 12:27:49.167" endtime="20220117 12:27:49.187"/>
</kw>
<kw name="Run Keyword If" library="BuiltIn">
<arg>'${server_error}'=='True'</arg>
<arg>Click Button</arg>
<arg>//button[@id="order"]</arg>
<doc>Runs the given keyword with the given arguments, if ``condition`` is true.</doc>
<kw name="Click Button" library="RPA.Browser.Selenium">
<arg>//button[@id="order"]</arg>
<doc>Clicks the button identified by ``locator``.</doc>
<msg timestamp="20220117 12:27:49.188" level="INFO">Clicking button '//button[@id="order"]'.</msg>
<status status="PASS" starttime="20220117 12:27:49.188" endtime="20220117 12:27:49.231"/>
</kw>
<status status="PASS" starttime="20220117 12:27:49.187" endtime="20220117 12:27:49.231"/>
</kw>
<kw name="Exit For Loop If" library="BuiltIn">
<arg>'${server_error}'=='False'</arg>
<doc>Stops executing the enclosing for loop if the ``condition`` is true.</doc>
<status status="PASS" starttime="20220117 12:27:49.232" endtime="20220117 12:27:49.233"/>
</kw>
<status status="PASS" starttime="20220117 12:27:49.166" endtime="20220117 12:27:49.233"/>
</iter>
<iter>
<var name="${i}">2</var>
<kw name="Is Element Visible" library="RPA.Browser.Selenium">
<var>${server_error}</var>
<arg>//div[@class="alert alert-danger"]</arg>
<doc>Is element visible</doc>
<msg timestamp="20220117 12:27:49.250" level="INFO">Element '//div[@class="alert alert-danger"]' is displayed.</msg>
<msg timestamp="20220117 12:27:49.251" level="INFO">${server_error} = True</msg>
<status status="PASS" starttime="20220117 12:27:49.234" endtime="20220117 12:27:49.251"/>
</kw>
<kw name="Run Keyword If" library="BuiltIn">
<arg>'${server_error}'=='True'</arg>
<arg>Click Button</arg>
<arg>//button[@id="order"]</arg>
<doc>Runs the given keyword with the given arguments, if ``condition`` is true.</doc>
<kw name="Click Button" library="RPA.Browser.Selenium">
<arg>//button[@id="order"]</arg>
<doc>Clicks the button identified by ``locator``.</doc>
<msg timestamp="20220117 12:27:49.252" level="INFO">Clicking button '//button[@id="order"]'.</msg>
<status status="PASS" starttime="20220117 12:27:49.252" endtime="20220117 12:27:49.292"/>
</kw>
<status status="PASS" starttime="20220117 12:27:49.251" endtime="20220117 12:27:49.292"/>
</kw>
<kw name="Exit For Loop If" library="BuiltIn">
<arg>'${server_error}'=='False'</arg>
<doc>Stops executing the enclosing for loop if the ``condition`` is true.</doc>
<status status="PASS" starttime="20220117 12:27:49.293" endtime="20220117 12:27:49.293"/>
</kw>
<status status="PASS" starttime="20220117 12:27:49.234" endtime="20220117 12:27:49.293"/>
</iter>
<iter>
<var name="${i}">3</var>
<kw name="Is Element Visible" library="RPA.Browser.Selenium">
<var>${server_error}</var>
<arg>//div[@class="alert alert-danger"]</arg>
<doc>Is element visible</doc>
<msg timestamp="20220117 12:27:49.309" level="INFO">Element '//div[@class="alert alert-danger"]' is displayed.</msg>
<msg timestamp="20220117 12:27:49.309" level="INFO">${server_error} = True</msg>
<status status="PASS" starttime="20220117 12:27:49.294" endtime="20220117 12:27:49.309"/>
</kw>
<kw name="Run Keyword If" library="BuiltIn">
<arg>'${server_error}'=='True'</arg>
<arg>Click Button</arg>
<arg>//button[@id="order"]</arg>
<doc>Runs the given keyword with the given arguments, if ``condition`` is true.</doc>
<kw name="Click Button" library="RPA.Browser.Selenium">
<arg>//button[@id="order"]</arg>
<doc>Clicks the button identified by ``locator``.</doc>
<msg timestamp="20220117 12:27:49.311" level="INFO">Clicking button '//button[@id="order"]'.</msg>
<status status="PASS" starttime="20220117 12:27:49.310" endtime="20220117 12:27:49.352"/>
</kw>
<status status="PASS" starttime="20220117 12:27:49.310" endtime="20220117 12:27:49.352"/>
</kw>
<kw name="Exit For Loop If" library="BuiltIn">
<arg>'${server_error}'=='False'</arg>
<doc>Stops executing the enclosing for loop if the ``condition`` is true.</doc>
<status status="PASS" starttime="20220117 12:27:49.353" endtime="20220117 12:27:49.353"/>
</kw>
<status status="PASS" starttime="20220117 12:27:49.293" endtime="20220117 12:27:49.353"/>
</iter>
<iter>
<var name="${i}">4</var>
<kw name="Is Element Visible" library="RPA.Browser.Selenium">
<var>${server_error}</var>
<arg>//div[@class="alert alert-danger"]</arg>
<doc>Is element visible</doc>
<msg timestamp="20220117 12:27:49.370" level="INFO">Element '//div[@class="alert alert-danger"]' is displayed.</msg>
<msg timestamp="20220117 12:27:49.370" level="INFO">${server_error} = True</msg>
<status status="PASS" starttime="20220117 12:27:49.354" endtime="20220117 12:27:49.370"/>
</kw>
<kw name="Run Keyword If" library="BuiltIn">
<arg>'${server_error}'=='True'</arg>
<arg>Click Button</arg>
<arg>//button[@id="order"]</arg>
<doc>Runs the given keyword with the given arguments, if ``condition`` is true.</doc>
<kw name="Click Button" library="RPA.Browser.Selenium">
<arg>//button[@id="order"]</arg>
<doc>Clicks the button identified by ``locator``.</doc>
<msg timestamp="20220117 12:27:49.371" level="INFO">Clicking button '//button[@id="order"]'.</msg>
<status status="PASS" starttime="20220117 12:27:49.371" endtime="20220117 12:27:49.416"/>
</kw>
<status status="PASS" starttime="20220117 12:27:49.371" endtime="20220117 12:27:49.416"/>
</kw>
<kw name="Exit For Loop If" library="BuiltIn">
<arg>'${server_error}'=='False'</arg>
<doc>Stops executing the enclosing for loop if the ``condition`` is true.</doc>
<status status="PASS" starttime="20220117 12:27:49.417" endtime="20220117 12:27:49.417"/>
</kw>
<status status="PASS" starttime="20220117 12:27:49.353" endtime="20220117 12:27:49.417"/>
</iter>
<iter>
<var name="${i}">5</var>
<kw name="Is Element Visible" library="RPA.Browser.Selenium">
<var>${server_error}</var>
<arg>//div[@class="alert alert-danger"]</arg>
<doc>Is element visible</doc>
<msg timestamp="20220117 12:27:49.426" level="INFO" html="true">Ran with keyword &lt;b&gt;Element Should Be Visible&lt;/b&gt; which returned error: &lt;i&gt;Element with locator '//div[@class="alert alert-danger"]' not found.&lt;/i&gt;</msg>
<msg timestamp="20220117 12:27:49.426" level="INFO">${server_error} = False</msg>
<status status="PASS" starttime="20220117 12:27:49.418" endtime="20220117 12:27:49.426"/>
</kw>
<kw name="Run Keyword If" library="BuiltIn">
<arg>'${server_error}'=='True'</arg>
<arg>Click Button</arg>
<arg>//button[@id="order"]</arg>
<doc>Runs the given keyword with the given arguments, if ``condition`` is true.</doc>
<status status="PASS" starttime="20220117 12:27:49.426" endtime="20220117 12:27:49.427"/>
</kw>
<kw name="Exit For Loop If" library="BuiltIn">
<arg>'${server_error}'=='False'</arg>
<doc>Stops executing the enclosing for loop if the ``condition`` is true.</doc>
<msg timestamp="20220117 12:27:49.427" level="INFO">Exiting for loop altogether.</msg>
<status status="PASS" starttime="20220117 12:27:49.427" endtime="20220117 12:27:49.427"/>
</kw>
<status status="PASS" starttime="20220117 12:27:49.418" endtime="20220117 12:27:49.428"/>
</iter>
<status status="PASS" starttime="20220117 12:27:49.089" endtime="20220117 12:27:49.428"/>
</for>
<kw name="Run Keyword If" library="BuiltIn">
<arg>'${server_error}'=='True'</arg>
<arg>Close the browser</arg>
<doc>Runs the given keyword with the given arguments, if ``condition`` is true.</doc>
<status status="PASS" starttime="20220117 12:27:49.428" endtime="20220117 12:27:49.428"/>
</kw>
<status status="PASS" starttime="20220117 12:27:49.088" endtime="20220117 12:27:49.428"/>
</kw>
<kw name="Get Text" library="RPA.Browser.Selenium">
<var>${orderid}</var>
<arg>//*[@id="receipt"]/p[1]</arg>
<doc>Returns the text value of the element identified by ``locator``.</doc>
<msg timestamp="20220117 12:27:49.450" level="INFO">${orderid} = RSB-ROBO-ORDER-GPXTHKNUS9</msg>
<status status="PASS" starttime="20220117 12:27:49.429" endtime="20220117 12:27:49.450"/>
</kw>
<kw name="Set Local Variable" library="BuiltIn">
<arg>${PDF_File}</arg>
<arg>${orderid}.pdf</arg>
<doc>Makes a variable available everywhere within the local scope.</doc>
<msg timestamp="20220117 12:27:49.451" level="INFO">${PDF_File} = RSB-ROBO-ORDER-GPXTHKNUS9.pdf</msg>
<status status="PASS" starttime="20220117 12:27:49.451" endtime="20220117 12:27:49.451"/>
</kw>
<kw name="Set Local Variable" library="BuiltIn">
<arg>${Image_File}</arg>
<arg>${orderid}.png</arg>
<doc>Makes a variable available everywhere within the local scope.</doc>
<msg timestamp="20220117 12:27:49.452" level="INFO">${Image_File} = RSB-ROBO-ORDER-GPXTHKNUS9.png</msg>
<status status="PASS" starttime="20220117 12:27:49.451" endtime="20220117 12:27:49.452"/>
</kw>
<kw name="Capture Element Screenshot" library="RPA.Browser.Selenium">
<arg>//*[@id="robot-preview-image"]</arg>
<arg>${Image_Dir}${/}${Image_File}</arg>
<doc>Captures a screenshot from the element identified by ``locator`` and embeds it into log file.</doc>
<msg timestamp="20220117 12:27:49.552" level="INFO" html="true">&lt;/td&gt;&lt;/tr&gt;&lt;tr&gt;&lt;td colspan="3"&gt;&lt;a href="../Resources/Images_robot/RSB-ROBO-ORDER-GPXTHKNUS9.png"&gt;&lt;img src="../Resources/Images_robot/RSB-ROBO-ORDER-GPXTHKNUS9.png" width="400px"&gt;&lt;/a&gt;</msg>
<status status="PASS" starttime="20220117 12:27:49.452" endtime="20220117 12:27:49.553"/>
</kw>
<kw name="Get Element Attribute" library="RPA.Browser.Selenium">
<var>${reciept_data}</var>
<arg>//div[@id="receipt"]</arg>
<arg>outerHTML</arg>
<doc>Returns the value of ``attribute`` from the element ``locator``.</doc>
<msg timestamp="20220117 12:27:49.597" level="INFO">${reciept_data} = &lt;div id="receipt" class="alert alert-success" role="alert"&gt;&lt;h3&gt;Receipt&lt;/h3&gt;&lt;div&gt;2022-01-17T07:27:49.407Z&lt;/div&gt;&lt;p class="badge badge-success"&gt;RSB-ROBO-ORDER-GPXTHKNUS9&lt;/p&gt;&lt;p&gt;Address 789&lt;/p&gt;&lt;div id="par...</msg>
<status status="PASS" starttime="20220117 12:27:49.553" endtime="20220117 12:27:49.597"/>
</kw>
<kw name="Sleep" library="BuiltIn">
<arg>5 seconds</arg>
<doc>Pauses the test executed for the given time.</doc>
<msg timestamp="20220117 12:27:54.606" level="INFO">Slept 5 seconds</msg>
<status status="PASS" starttime="20220117 12:27:49.597" endtime="20220117 12:27:54.606"/>
</kw>
<kw name="Creating the PDF files and Create pdf zip file" library="PDF_And_Zip_Files">
<arg>${PDF_File}</arg>
<arg>${Image_File}</arg>
<arg>${reciept_data}</arg>
<kw name="Html To Pdf" library="RPA.PDF">
<arg>${reciept_data}</arg>
<arg>${PDF_Dir}${/}${PDF_File}</arg>
<doc>Generate a PDF file from HTML content.</doc>
<msg timestamp="20220117 12:27:54.612" level="INFO">Writing output to file C:\Users\lenevo\Documents\Robots\Robocorp CerII\Resources\PDF_reciepts\RSB-ROBO-ORDER-GPXTHKNUS9.pdf</msg>
<status status="PASS" starttime="20220117 12:27:54.609" endtime="20220117 12:27:54.880"/>
</kw>
<kw name="Add Watermark Image To Pdf" library="RPA.PDF">
<arg>${Image_Dir}${/}${Image_File}</arg>
<arg>${PDF_Dir}${/}${PDF_File}</arg>
<arg>${PDF_Dir}${/}${PDF_File}</arg>
<doc>Add an image into an existing or new PDF.</doc>
<status status="PASS" starttime="20220117 12:27:54.881" endtime="20220117 12:27:55.081"/>
</kw>
<kw name="Close Pdf" library="RPA.PDF">
<arg>${PDF_Dir}${/}${PDF_FILE}</arg>
<doc>Close PDF file descriptor for a certain file.</doc>
<msg timestamp="20220117 12:27:55.084" level="INFO">Closing PDF document: C:\Users\lenevo\Documents\Robots\Robocorp CerII\Resources\PDF_reciepts\RSB-ROBO-ORDER-GPXTHKNUS9.pdf</msg>
<status status="PASS" starttime="20220117 12:27:55.082" endtime="20220117 12:27:55.084"/>
</kw>
<kw name="Open Pdf" library="RPA.PDF">
<arg>${PDF_Dir}${/}${PDF_FILE}</arg>
<doc>Open a PDF document for reading.</doc>
<status status="PASS" starttime="20220117 12:27:55.085" endtime="20220117 12:27:55.087"/>
</kw>
<kw name="Create List" library="BuiltIn">
<var>@{myfiles}</var>
<arg>${Image_Dir}${/}${Image_File}</arg>
<doc>Returns a list containing given items.</doc>
<msg timestamp="20220117 12:27:55.089" level="INFO">@{myfiles} = [ C:\Users\lenevo\Documents\Robots\Robocorp CerII\Resources\Images_robot\RSB-ROBO-ORDER-GPXTHKNUS9.png ]</msg>
<status status="PASS" starttime="20220117 12:27:55.088" endtime="20220117 12:27:55.089"/>
</kw>
<kw name="Add Files To Pdf" library="RPA.PDF">
<arg>${myfiles}</arg>
<arg>${PDF_Dir}${/}${PDF_FILE}</arg>
<arg>${True}</arg>
<doc>Add images and/or pdfs to new PDF document</doc>
<msg timestamp="20220117 12:27:55.095" level="INFO">Adding page: 0</msg>
<msg timestamp="20220117 12:27:55.095" level="INFO">File C:\Users\lenevo\Documents\Robots\Robocorp CerII\Resources\Images_robot\RSB-ROBO-ORDER-GPXTHKNUS9.png type: png</msg>
<msg timestamp="20220117 12:27:55.095" level="INFO">Image parameters: {}</msg>
<status status="PASS" starttime="20220117 12:27:55.090" endtime="20220117 12:27:55.277"/>
</kw>
<kw name="Close Pdf" library="RPA.PDF">
<arg>${PDF_Dir}${/}${PDF_FILE}</arg>
<doc>Close PDF file descriptor for a certain file.</doc>
<msg timestamp="20220117 12:27:55.279" level="INFO">Closing PDF document: C:\Users\lenevo\Documents\Robots\Robocorp CerII\Resources\PDF_reciepts\RSB-ROBO-ORDER-GPXTHKNUS9.pdf</msg>
<status status="PASS" starttime="20220117 12:27:55.278" endtime="20220117 12:27:55.280"/>
</kw>
<status status="PASS" starttime="20220117 12:27:54.608" endtime="20220117 12:27:55.280"/>
</kw>
<kw name="Sleep" library="BuiltIn">
<arg>5 seconds</arg>
<doc>Pauses the test executed for the given time.</doc>
<msg timestamp="20220117 12:28:00.283" level="INFO">Slept 5 seconds</msg>
<status status="PASS" starttime="20220117 12:27:55.281" endtime="20220117 12:28:00.284"/>
</kw>
<kw name="Click Button" library="RPA.Browser.Selenium">
<arg>//button[@id="order-another"]</arg>
<doc>Clicks the button identified by ``locator``.</doc>
<msg timestamp="20220117 12:28:00.286" level="INFO">Clicking button '//button[@id="order-another"]'.</msg>
<status status="PASS" starttime="20220117 12:28:00.285" endtime="20220117 12:28:00.756"/>
</kw>
<status status="PASS" starttime="20220117 12:27:43.447" endtime="20220117 12:28:00.756"/>
</iter>
<iter>
<var name="${row}">{'Order number': '4', 'Head': '2', 'Body': '3', 'Legs': '2', 'Address': 'Address 1'}</var>
<kw name="Fill Data To Form" library="FillTheForm">
<arg>${row}</arg>
<kw name="Wait Until Page Contains Element" library="RPA.Browser.Selenium">
<arg>//button[@class="btn btn-dark"]</arg>
<doc>Waits until the element ``locator`` appears on the current page.</doc>
<status status="PASS" starttime="20220117 12:28:00.760" endtime="20220117 12:28:00.792"/>
</kw>
<kw name="Click Button" library="RPA.Browser.Selenium">
<arg>//button[@class="btn btn-dark"]</arg>
<doc>Clicks the button identified by ``locator``.</doc>
<msg timestamp="20220117 12:28:00.793" level="INFO">Clicking button '//button[@class="btn btn-dark"]'.</msg>
<status status="PASS" starttime="20220117 12:28:00.792" endtime="20220117 12:28:00.894"/>
</kw>
<kw name="Select From List By Value" library="RPA.Browser.Selenium">
<arg>//select[@name="head"]</arg>
<arg>${row}[Head]</arg>
<doc>Selects options from selection list ``locator`` by ``values``.</doc>
<msg timestamp="20220117 12:28:00.896" level="INFO">Selecting options from selection list '//select[@name="head"]' by value 2.</msg>
<status status="PASS" starttime="20220117 12:28:00.895" endtime="20220117 12:28:01.022"/>
</kw>
<kw name="Click Element" library="RPA.Browser.Selenium">
<arg>//input[@value="${row}[Body]"]</arg>
<doc>Click the element identified by ``locator``.</doc>
<msg timestamp="20220117 12:28:01.024" level="INFO">Clicking element '//input[@value="3"]'.</msg>
<status status="PASS" starttime="20220117 12:28:01.023" endtime="20220117 12:28:01.114"/>
</kw>
<kw name="Input Text" library="RPA.Browser.Selenium">
<arg>//input[@placeholder="Enter the part number for the legs"]</arg>
<arg>${row}[Legs]</arg>
<doc>Types the given ``text`` into the text field identified by ``locator``.</doc>
<msg timestamp="20220117 12:28:01.116" level="INFO">Typing text '2' into text field '//input[@placeholder="Enter the part number for the legs"]'.</msg>
<status status="PASS" starttime="20220117 12:28:01.115" endtime="20220117 12:28:01.268"/>
</kw>
<kw name="Input Text" library="RPA.Browser.Selenium">
<arg>//input[@name="address"]</arg>
<arg>${row}[Address]</arg>
<doc>Types the given ``text`` into the text field identified by ``locator``.</doc>
<msg timestamp="20220117 12:28:01.271" level="INFO">Typing text 'Address 1' into text field '//input[@name="address"]'.</msg>
<status status="PASS" starttime="20220117 12:28:01.269" endtime="20220117 12:28:01.438"/>
</kw>
<kw name="Click Button" library="RPA.Browser.Selenium">
<arg>//button[@id="preview"]</arg>
<doc>Clicks the button identified by ``locator``.</doc>
<msg timestamp="20220117 12:28:01.440" level="INFO">Clicking button '//button[@id="preview"]'.</msg>
<status status="PASS" starttime="20220117 12:28:01.439" endtime="20220117 12:28:01.554"/>
</kw>
<kw name="Sleep" library="BuiltIn">
<arg>5 seconds</arg>
<doc>Pauses the test executed for the given time.</doc>
<msg timestamp="20220117 12:28:06.566" level="INFO">Slept 5 seconds</msg>
<status status="PASS" starttime="20220117 12:28:01.555" endtime="20220117 12:28:06.567"/>
</kw>
<kw name="Click Button" library="RPA.Browser.Selenium">
<arg>//*[@id="order"]</arg>
<doc>Clicks the button identified by ``locator``.</doc>
<msg timestamp="20220117 12:28:06.570" level="INFO">Clicking button '//*[@id="order"]'.</msg>
<status status="PASS" starttime="20220117 12:28:06.569" endtime="20220117 12:28:06.801"/>
</kw>
<status status="PASS" starttime="20220117 12:28:00.758" endtime="20220117 12:28:06.803"/>
</kw>
<kw name="Check Exception if occured" library="ExceptionHandling">
<for flavor="IN RANGE">
<var>${i}</var>
<value>${50}</value>
<iter>
<var name="${i}">0</var>
<kw name="Is Element Visible" library="RPA.Browser.Selenium">
<var>${server_error}</var>
<arg>//div[@class="alert alert-danger"]</arg>
<doc>Is element visible</doc>
<msg timestamp="20220117 12:28:06.957" level="INFO">Element '//div[@class="alert alert-danger"]' is displayed.</msg>
<msg timestamp="20220117 12:28:06.958" level="INFO">${server_error} = True</msg>
<status status="PASS" starttime="20220117 12:28:06.812" endtime="20220117 12:28:06.958"/>
</kw>
<kw name="Run Keyword If" library="BuiltIn">
<arg>'${server_error}'=='True'</arg>
<arg>Click Button</arg>
<arg>//button[@id="order"]</arg>
<doc>Runs the given keyword with the given arguments, if ``condition`` is true.</doc>
<kw name="Click Button" library="RPA.Browser.Selenium">
<arg>//button[@id="order"]</arg>
<doc>Clicks the button identified by ``locator``.</doc>
<msg timestamp="20220117 12:28:06.965" level="INFO">Clicking button '//button[@id="order"]'.</msg>
<status status="PASS" starttime="20220117 12:28:06.963" endtime="20220117 12:28:07.199"/>
</kw>
<status status="PASS" starttime="20220117 12:28:06.960" endtime="20220117 12:28:07.201"/>
</kw>
<kw name="Exit For Loop If" library="BuiltIn">
<arg>'${server_error}'=='False'</arg>
<doc>Stops executing the enclosing for loop if the ``condition`` is true.</doc>
<status status="PASS" starttime="20220117 12:28:07.203" endtime="20220117 12:28:07.206"/>
</kw>
<status status="PASS" starttime="20220117 12:28:06.811" endtime="20220117 12:28:07.206"/>
</iter>
<iter>
<var name="${i}">1</var>
<kw name="Is Element Visible" library="RPA.Browser.Selenium">
<var>${server_error}</var>
<arg>//div[@class="alert alert-danger"]</arg>
<doc>Is element visible</doc>
<msg timestamp="20220117 12:28:07.242" level="INFO" html="true">Ran with keyword &lt;b&gt;Element Should Be Visible&lt;/b&gt; which returned error: &lt;i&gt;Element with locator '//div[@class="alert alert-danger"]' not found.&lt;/i&gt;</msg>
<msg timestamp="20220117 12:28:07.243" level="INFO">${server_error} = False</msg>
<status status="PASS" starttime="20220117 12:28:07.209" endtime="20220117 12:28:07.243"/>
</kw>
<kw name="Run Keyword If" library="BuiltIn">
<arg>'${server_error}'=='True'</arg>
<arg>Click Button</arg>
<arg>//button[@id="order"]</arg>
<doc>Runs the given keyword with the given arguments, if ``condition`` is true.</doc>
<status status="PASS" starttime="20220117 12:28:07.245" endtime="20220117 12:28:07.247"/>
</kw>
<kw name="Exit For Loop If" library="BuiltIn">
<arg>'${server_error}'=='False'</arg>
<doc>Stops executing the enclosing for loop if the ``condition`` is true.</doc>
<msg timestamp="20220117 12:28:07.250" level="INFO">Exiting for loop altogether.</msg>
<status status="PASS" starttime="20220117 12:28:07.248" endtime="20220117 12:28:07.253"/>
</kw>
<status status="PASS" starttime="20220117 12:28:07.208" endtime="20220117 12:28:07.254"/>
</iter>
<status status="PASS" starttime="20220117 12:28:06.808" endtime="20220117 12:28:07.255"/>
</for>
<kw name="Run Keyword If" library="BuiltIn">
<arg>'${server_error}'=='True'</arg>
<arg>Close the browser</arg>
<doc>Runs the given keyword with the given arguments, if ``condition`` is true.</doc>
<status status="PASS" starttime="20220117 12:28:07.256" endtime="20220117 12:28:07.258"/>
</kw>
<status status="PASS" starttime="20220117 12:28:06.805" endtime="20220117 12:28:07.259"/>
</kw>
<kw name="Get Text" library="RPA.Browser.Selenium">
<var>${orderid}</var>
<arg>//*[@id="receipt"]/p[1]</arg>
<doc>Returns the text value of the element identified by ``locator``.</doc>
<msg timestamp="20220117 12:28:07.339" level="INFO">${orderid} = RSB-ROBO-ORDER-Q2LAO6A7XO</msg>
<status status="PASS" starttime="20220117 12:28:07.260" endtime="20220117 12:28:07.339"/>
</kw>
<kw name="Set Local Variable" library="BuiltIn">
<arg>${PDF_File}</arg>
<arg>${orderid}.pdf</arg>
<doc>Makes a variable available everywhere within the local scope.</doc>
<msg timestamp="20220117 12:28:07.341" level="INFO">${PDF_File} = RSB-ROBO-ORDER-Q2LAO6A7XO.pdf</msg>
<status status="PASS" starttime="20220117 12:28:07.340" endtime="20220117 12:28:07.341"/>
</kw>
<kw name="Set Local Variable" library="BuiltIn">
<arg>${Image_File}</arg>
<arg>${orderid}.png</arg>
<doc>Makes a variable available everywhere within the local scope.</doc>
<msg timestamp="20220117 12:28:07.344" level="INFO">${Image_File} = RSB-ROBO-ORDER-Q2LAO6A7XO.png</msg>
<status status="PASS" starttime="20220117 12:28:07.342" endtime="20220117 12:28:07.344"/>
</kw>
<kw name="Capture Element Screenshot" library="RPA.Browser.Selenium">
<arg>//*[@id="robot-preview-image"]</arg>
<arg>${Image_Dir}${/}${Image_File}</arg>
<doc>Captures a screenshot from the element identified by ``locator`` and embeds it into log file.</doc>
<msg timestamp="20220117 12:28:07.525" level="INFO" html="true">&lt;/td&gt;&lt;/tr&gt;&lt;tr&gt;&lt;td colspan="3"&gt;&lt;a href="../Resources/Images_robot/RSB-ROBO-ORDER-Q2LAO6A7XO.png"&gt;&lt;img src="../Resources/Images_robot/RSB-ROBO-ORDER-Q2LAO6A7XO.png" width="400px"&gt;&lt;/a&gt;</msg>
<status status="PASS" starttime="20220117 12:28:07.345" endtime="20220117 12:28:07.525"/>
</kw>
<kw name="Get Element Attribute" library="RPA.Browser.Selenium">
<var>${reciept_data}</var>
<arg>//div[@id="receipt"]</arg>
<arg>outerHTML</arg>
<doc>Returns the value of ``attribute`` from the element ``locator``.</doc>
<msg timestamp="20220117 12:28:07.558" level="INFO">${reciept_data} = &lt;div id="receipt" class="alert alert-success" role="alert"&gt;&lt;h3&gt;Receipt&lt;/h3&gt;&lt;div&gt;2022-01-17T07:28:07.175Z&lt;/div&gt;&lt;p class="badge badge-success"&gt;RSB-ROBO-ORDER-Q2LAO6A7XO&lt;/p&gt;&lt;p&gt;Address 1&lt;/p&gt;&lt;div id="parts...</msg>
<status status="PASS" starttime="20220117 12:28:07.526" endtime="20220117 12:28:07.558"/>
</kw>
<kw name="Sleep" library="BuiltIn">
<arg>5 seconds</arg>
<doc>Pauses the test executed for the given time.</doc>
<msg timestamp="20220117 12:28:12.563" level="INFO">Slept 5 seconds</msg>
<status status="PASS" starttime="20220117 12:28:07.558" endtime="20220117 12:28:12.563"/>
</kw>
<kw name="Creating the PDF files and Create pdf zip file" library="PDF_And_Zip_Files">
<arg>${PDF_File}</arg>
<arg>${Image_File}</arg>
<arg>${reciept_data}</arg>
<kw name="Html To Pdf" library="RPA.PDF">
<arg>${reciept_data}</arg>
<arg>${PDF_Dir}${/}${PDF_File}</arg>
<doc>Generate a PDF file from HTML content.</doc>
<msg timestamp="20220117 12:28:12.569" level="INFO">Writing output to file C:\Users\lenevo\Documents\Robots\Robocorp CerII\Resources\PDF_reciepts\RSB-ROBO-ORDER-Q2LAO6A7XO.pdf</msg>
<status status="PASS" starttime="20220117 12:28:12.566" endtime="20220117 12:28:12.839"/>
</kw>
<kw name="Add Watermark Image To Pdf" library="RPA.PDF">
<arg>${Image_Dir}${/}${Image_File}</arg>
<arg>${PDF_Dir}${/}${PDF_File}</arg>
<arg>${PDF_Dir}${/}${PDF_File}</arg>
<doc>Add an image into an existing or new PDF.</doc>
<status status="PASS" starttime="20220117 12:28:12.842" endtime="20220117 12:28:13.147"/>
</kw>
<kw name="Close Pdf" library="RPA.PDF">
<arg>${PDF_Dir}${/}${PDF_FILE}</arg>
<doc>Close PDF file descriptor for a certain file.</doc>
<msg timestamp="20220117 12:28:13.149" level="INFO">Closing PDF document: C:\Users\lenevo\Documents\Robots\Robocorp CerII\Resources\PDF_reciepts\RSB-ROBO-ORDER-Q2LAO6A7XO.pdf</msg>
<status status="PASS" starttime="20220117 12:28:13.148" endtime="20220117 12:28:13.150"/>
</kw>
<kw name="Open Pdf" library="RPA.PDF">
<arg>${PDF_Dir}${/}${PDF_FILE}</arg>
<doc>Open a PDF document for reading.</doc>
<status status="PASS" starttime="20220117 12:28:13.152" endtime="20220117 12:28:13.155"/>
</kw>
<kw name="Create List" library="BuiltIn">
<var>@{myfiles}</var>
<arg>${Image_Dir}${/}${Image_File}</arg>
<doc>Returns a list containing given items.</doc>
<msg timestamp="20220117 12:28:13.157" level="INFO">@{myfiles} = [ C:\Users\lenevo\Documents\Robots\Robocorp CerII\Resources\Images_robot\RSB-ROBO-ORDER-Q2LAO6A7XO.png ]</msg>
<status status="PASS" starttime="20220117 12:28:13.156" endtime="20220117 12:28:13.157"/>
</kw>
<kw name="Add Files To Pdf" library="RPA.PDF">
<arg>${myfiles}</arg>
<arg>${PDF_Dir}${/}${PDF_FILE}</arg>
<arg>${True}</arg>
<doc>Add images and/or pdfs to new PDF document</doc>
<msg timestamp="20220117 12:28:13.164" level="INFO">Adding page: 0</msg>
<msg timestamp="20220117 12:28:13.164" level="INFO">File C:\Users\lenevo\Documents\Robots\Robocorp CerII\Resources\Images_robot\RSB-ROBO-ORDER-Q2LAO6A7XO.png type: png</msg>
<msg timestamp="20220117 12:28:13.165" level="INFO">Image parameters: {}</msg>
<status status="PASS" starttime="20220117 12:28:13.158" endtime="20220117 12:28:13.332"/>
</kw>
<kw name="Close Pdf" library="RPA.PDF">
<arg>${PDF_Dir}${/}${PDF_FILE}</arg>
<doc>Close PDF file descriptor for a certain file.</doc>
<msg timestamp="20220117 12:28:13.335" level="INFO">Closing PDF document: C:\Users\lenevo\Documents\Robots\Robocorp CerII\Resources\PDF_reciepts\RSB-ROBO-ORDER-Q2LAO6A7XO.pdf</msg>
<status status="PASS" starttime="20220117 12:28:13.333" endtime="20220117 12:28:13.336"/>
</kw>
<status status="PASS" starttime="20220117 12:28:12.564" endtime="20220117 12:28:13.337"/>
</kw>
<kw name="Sleep" library="BuiltIn">
<arg>5 seconds</arg>
<doc>Pauses the test executed for the given time.</doc>
<msg timestamp="20220117 12:28:18.346" level="INFO">Slept 5 seconds</msg>
<status status="PASS" starttime="20220117 12:28:13.338" endtime="20220117 12:28:18.347"/>
</kw>
<kw name="Click Button" library="RPA.Browser.Selenium">
<arg>//button[@id="order-another"]</arg>
<doc>Clicks the button identified by ``locator``.</doc>
<msg timestamp="20220117 12:28:18.383" level="INFO">Clicking button '//button[@id="order-another"]'.</msg>
<status status="PASS" starttime="20220117 12:28:18.378" endtime="20220117 12:28:18.934"/>
</kw>
<status status="PASS" starttime="20220117 12:28:00.757" endtime="20220117 12:28:18.935"/>
</iter>
<iter>
<var name="${row}">{'Order number': '5', 'Head': '3', 'Body': '5', 'Legs': '1', 'Address': 'Address 2'}</var>
<kw name="Fill Data To Form" library="FillTheForm">
<arg>${row}</arg>
<kw name="Wait Until Page Contains Element" library="RPA.Browser.Selenium">
<arg>//button[@class="btn btn-dark"]</arg>
<doc>Waits until the element ``locator`` appears on the current page.</doc>
<status status="PASS" starttime="20220117 12:28:18.937" endtime="20220117 12:28:18.971"/>
</kw>
<kw name="Click Button" library="RPA.Browser.Selenium">
<arg>//button[@class="btn btn-dark"]</arg>
<doc>Clicks the button identified by ``locator``.</doc>
<msg timestamp="20220117 12:28:18.972" level="INFO">Clicking button '//button[@class="btn btn-dark"]'.</msg>
<status status="PASS" starttime="20220117 12:28:18.972" endtime="20220117 12:28:19.037"/>
</kw>
<kw name="Select From List By Value" library="RPA.Browser.Selenium">
<arg>//select[@name="head"]</arg>
<arg>${row}[Head]</arg>
<doc>Selects options from selection list ``locator`` by ``values``.</doc>
<msg timestamp="20220117 12:28:19.038" level="INFO">Selecting options from selection list '//select[@name="head"]' by value 3.</msg>
<status status="PASS" starttime="20220117 12:28:19.038" endtime="20220117 12:28:19.115"/>
</kw>
<kw name="Click Element" library="RPA.Browser.Selenium">
<arg>//input[@value="${row}[Body]"]</arg>
<doc>Click the element identified by ``locator``.</doc>
<msg timestamp="20220117 12:28:19.116" level="INFO">Clicking element '//input[@value="5"]'.</msg>
<status status="PASS" starttime="20220117 12:28:19.115" endtime="20220117 12:28:19.177"/>
</kw>
<kw name="Input Text" library="RPA.Browser.Selenium">
<arg>//input[@placeholder="Enter the part number for the legs"]</arg>
<arg>${row}[Legs]</arg>
<doc>Types the given ``text`` into the text field identified by ``locator``.</doc>
<msg timestamp="20220117 12:28:19.178" level="INFO">Typing text '1' into text field '//input[@placeholder="Enter the part number for the legs"]'.</msg>
<status status="PASS" starttime="20220117 12:28:19.177" endtime="20220117 12:28:19.256"/>
</kw>
<kw name="Input Text" library="RPA.Browser.Selenium">
<arg>//input[@name="address"]</arg>
<arg>${row}[Address]</arg>
<doc>Types the given ``text`` into the text field identified by ``locator``.</doc>
<msg timestamp="20220117 12:28:19.257" level="INFO">Typing text 'Address 2' into text field '//input[@name="address"]'.</msg>
<status status="PASS" starttime="20220117 12:28:19.257" endtime="20220117 12:28:19.342"/>
</kw>
<kw name="Click Button" library="RPA.Browser.Selenium">
<arg>//button[@id="preview"]</arg>
<doc>Clicks the button identified by ``locator``.</doc>
<msg timestamp="20220117 12:28:19.343" level="INFO">Clicking button '//button[@id="preview"]'.</msg>
<status status="PASS" starttime="20220117 12:28:19.342" endtime="20220117 12:28:19.411"/>
</kw>
<kw name="Sleep" library="BuiltIn">
<arg>5 seconds</arg>
<doc>Pauses the test executed for the given time.</doc>
<msg timestamp="20220117 12:28:24.424" level="INFO">Slept 5 seconds</msg>
<status status="PASS" starttime="20220117 12:28:19.411" endtime="20220117 12:28:24.425"/>
</kw>
<kw name="Click Button" library="RPA.Browser.Selenium">
<arg>//*[@id="order"]</arg>
<doc>Clicks the button identified by ``locator``.</doc>
<msg timestamp="20220117 12:28:24.428" level="INFO">Clicking button '//*[@id="order"]'.</msg>
<status status="PASS" starttime="20220117 12:28:24.427" endtime="20220117 12:28:24.658"/>
</kw>
<status status="PASS" starttime="20220117 12:28:18.936" endtime="20220117 12:28:24.658"/>
</kw>
<kw name="Check Exception if occured" library="ExceptionHandling">
<for flavor="IN RANGE">
<var>${i}</var>
<value>${50}</value>
<iter>
<var name="${i}">0</var>
<kw name="Is Element Visible" library="RPA.Browser.Selenium">
<var>${server_error}</var>
<arg>//div[@class="alert alert-danger"]</arg>
<doc>Is element visible</doc>
<msg timestamp="20220117 12:28:24.678" level="INFO" html="true">Ran with keyword &lt;b&gt;Element Should Be Visible&lt;/b&gt; which returned error: &lt;i&gt;Element with locator '//div[@class="alert alert-danger"]' not found.&lt;/i&gt;</msg>
<msg timestamp="20220117 12:28:24.678" level="INFO">${server_error} = False</msg>
<status status="PASS" starttime="20220117 12:28:24.661" endtime="20220117 12:28:24.678"/>
</kw>
<kw name="Run Keyword If" library="BuiltIn">
<arg>'${server_error}'=='True'</arg>
<arg>Click Button</arg>
<arg>//button[@id="order"]</arg>
<doc>Runs the given keyword with the given arguments, if ``condition`` is true.</doc>
<status status="PASS" starttime="20220117 12:28:24.679" endtime="20220117 12:28:24.679"/>
</kw>
<kw name="Exit For Loop If" library="BuiltIn">
<arg>'${server_error}'=='False'</arg>
<doc>Stops executing the enclosing for loop if the ``condition`` is true.</doc>
<msg timestamp="20220117 12:28:24.681" level="INFO">Exiting for loop altogether.</msg>
<status status="PASS" starttime="20220117 12:28:24.680" endtime="20220117 12:28:24.681"/>
</kw>
<status status="PASS" starttime="20220117 12:28:24.661" endtime="20220117 12:28:24.681"/>
</iter>
<status status="PASS" starttime="20220117 12:28:24.659" endtime="20220117 12:28:24.682"/>
</for>
<kw name="Run Keyword If" library="BuiltIn">
<arg>'${server_error}'=='True'</arg>
<arg>Close the browser</arg>
<doc>Runs the given keyword with the given arguments, if ``condition`` is true.</doc>
<status status="PASS" starttime="20220117 12:28:24.682" endtime="20220117 12:28:24.683"/>
</kw>
<status status="PASS" starttime="20220117 12:28:24.658" endtime="20220117 12:28:24.683"/>
</kw>
<kw name="Get Text" library="RPA.Browser.Selenium">
<var>${orderid}</var>
<arg>//*[@id="receipt"]/p[1]</arg>
<doc>Returns the text value of the element identified by ``locator``.</doc>
<msg timestamp="20220117 12:28:24.713" level="INFO">${orderid} = RSB-ROBO-ORDER-S1TY6NW2VD</msg>
<status status="PASS" starttime="20220117 12:28:24.683" endtime="20220117 12:28:24.713"/>
</kw>
<kw name="Set Local Variable" library="BuiltIn">
<arg>${PDF_File}</arg>
<arg>${orderid}.pdf</arg>
<doc>Makes a variable available everywhere within the local scope.</doc>
<msg timestamp="20220117 12:28:24.714" level="INFO">${PDF_File} = RSB-ROBO-ORDER-S1TY6NW2VD.pdf</msg>
<status status="PASS" starttime="20220117 12:28:24.714" endtime="20220117 12:28:24.714"/>
</kw>
<kw name="Set Local Variable" library="BuiltIn">
<arg>${Image_File}</arg>
<arg>${orderid}.png</arg>
<doc>Makes a variable available everywhere within the local scope.</doc>
<msg timestamp="20220117 12:28:24.715" level="INFO">${Image_File} = RSB-ROBO-ORDER-S1TY6NW2VD.png</msg>
<status status="PASS" starttime="20220117 12:28:24.715" endtime="20220117 12:28:24.715"/>
</kw>
<kw name="Capture Element Screenshot" library="RPA.Browser.Selenium">
<arg>//*[@id="robot-preview-image"]</arg>
<arg>${Image_Dir}${/}${Image_File}</arg>
<doc>Captures a screenshot from the element identified by ``locator`` and embeds it into log file.</doc>
<msg timestamp="20220117 12:28:24.862" level="INFO" html="true">&lt;/td&gt;&lt;/tr&gt;&lt;tr&gt;&lt;td colspan="3"&gt;&lt;a href="../Resources/Images_robot/RSB-ROBO-ORDER-S1TY6NW2VD.png"&gt;&lt;img src="../Resources/Images_robot/RSB-ROBO-ORDER-S1TY6NW2VD.png" width="400px"&gt;&lt;/a&gt;</msg>
<status status="PASS" starttime="20220117 12:28:24.716" endtime="20220117 12:28:24.862"/>
</kw>
<kw name="Get Element Attribute" library="RPA.Browser.Selenium">
<var>${reciept_data}</var>
<arg>//div[@id="receipt"]</arg>
<arg>outerHTML</arg>
<doc>Returns the value of ``attribute`` from the element ``locator``.</doc>
<msg timestamp="20220117 12:28:24.918" level="INFO">${reciept_data} = &lt;div id="receipt" class="alert alert-success" role="alert"&gt;&lt;h3&gt;Receipt&lt;/h3&gt;&lt;div&gt;2022-01-17T07:28:24.647Z&lt;/div&gt;&lt;p class="badge badge-success"&gt;RSB-ROBO-ORDER-S1TY6NW2VD&lt;/p&gt;&lt;p&gt;Address 2&lt;/p&gt;&lt;div id="parts...</msg>
<status status="PASS" starttime="20220117 12:28:24.863" endtime="20220117 12:28:24.918"/>
</kw>
<kw name="Sleep" library="BuiltIn">
<arg>5 seconds</arg>
<doc>Pauses the test executed for the given time.</doc>
<msg timestamp="20220117 12:28:29.922" level="INFO">Slept 5 seconds</msg>
<status status="PASS" starttime="20220117 12:28:24.919" endtime="20220117 12:28:29.923"/>
</kw>
<kw name="Creating the PDF files and Create pdf zip file" library="PDF_And_Zip_Files">
<arg>${PDF_File}</arg>
<arg>${Image_File}</arg>
<arg>${reciept_data}</arg>
<kw name="Html To Pdf" library="RPA.PDF">
<arg>${reciept_data}</arg>
<arg>${PDF_Dir}${/}${PDF_File}</arg>
<doc>Generate a PDF file from HTML content.</doc>
<msg timestamp="20220117 12:28:29.927" level="INFO">Writing output to file C:\Users\lenevo\Documents\Robots\Robocorp CerII\Resources\PDF_reciepts\RSB-ROBO-ORDER-S1TY6NW2VD.pdf</msg>
<status status="PASS" starttime="20220117 12:28:29.925" endtime="20220117 12:28:30.306"/>
</kw>
<kw name="Add Watermark Image To Pdf" library="RPA.PDF">
<arg>${Image_Dir}${/}${Image_File}</arg>
<arg>${PDF_Dir}${/}${PDF_File}</arg>
<arg>${PDF_Dir}${/}${PDF_File}</arg>
<doc>Add an image into an existing or new PDF.</doc>
<status status="PASS" starttime="20220117 12:28:30.308" endtime="20220117 12:28:30.554"/>
</kw>
<kw name="Close Pdf" library="RPA.PDF">
<arg>${PDF_Dir}${/}${PDF_FILE}</arg>
<doc>Close PDF file descriptor for a certain file.</doc>
<msg timestamp="20220117 12:28:30.557" level="INFO">Closing PDF document: C:\Users\lenevo\Documents\Robots\Robocorp CerII\Resources\PDF_reciepts\RSB-ROBO-ORDER-S1TY6NW2VD.pdf</msg>
[...]
</kw>
<kw name="Close Pdf" library="RPA.PDF">
<arg>${PDF_Dir}${/}${PDF_FILE}</arg>
<doc>Close PDF file descriptor for a certain file.</doc>
<msg timestamp="20220117 12:32:27.807" level="INFO">Closing PDF document: C:\Users\lenevo\Documents\Robots\Robocorp CerII\Resources\PDF_reciepts\RSB-ROBO-ORDER-6AXELK2WWB.pdf</msg>
<status status="PASS" starttime="20220117 12:32:27.806" endtime="20220117 12:32:27.807"/>
</kw>
<status status="PASS" starttime="20220117 12:32:27.426" endtime="20220117 12:32:27.808"/>
</kw>
<kw name="Sleep" library="BuiltIn">
<arg>5 seconds</arg>
<doc>Pauses the test executed for the given time.</doc>
<msg timestamp="20220117 12:32:32.809" level="INFO">Slept 5 seconds</msg>
<status status="PASS" starttime="20220117 12:32:27.808" endtime="20220117 12:32:32.809"/>
</kw>
<kw name="Click Button" library="RPA.Browser.Selenium">
<arg>//button[@id="order-another"]</arg>
<doc>Clicks the button identified by ``locator``.</doc>
<msg timestamp="20220117 12:32:32.810" level="INFO">Clicking button '//button[@id="order-another"]'.</msg>
<status status="PASS" starttime="20220117 12:32:32.810" endtime="20220117 12:32:33.140"/>
</kw>
<status status="PASS" starttime="20220117 12:32:16.737" endtime="20220117 12:32:33.141"/>
</iter>
<iter>
<var name="${row}">{'Order number': '20', 'Head': '1', 'Body': '1', 'Legs': '5', 'Address': 'Address H'}</var>
<kw name="Fill Data To Form" library="FillTheForm">
<arg>${row}</arg>
<kw name="Wait Until Page Contains Element" library="RPA.Browser.Selenium">
<arg>//button[@class="btn btn-dark"]</arg>
<doc>Waits until the element ``locator`` appears on the current page.</doc>
<status status="PASS" starttime="20220117 12:32:33.143" endtime="20220117 12:32:33.162"/>
</kw>
<kw name="Click Button" library="RPA.Browser.Selenium">
<arg>//button[@class="btn btn-dark"]</arg>
<doc>Clicks the button identified by ``locator``.</doc>
<msg timestamp="20220117 12:32:33.163" level="INFO">Clicking button '//button[@class="btn btn-dark"]'.</msg>
<status status="PASS" starttime="20220117 12:32:33.162" endtime="20220117 12:32:33.231"/>
</kw>
<kw name="Select From List By Value" library="RPA.Browser.Selenium">
<arg>//select[@name="head"]</arg>
<arg>${row}[Head]</arg>
<doc>Selects options from selection list ``locator`` by ``values``.</doc>
<msg timestamp="20220117 12:32:33.233" level="INFO">Selecting options from selection list '//select[@name="head"]' by value 1.</msg>
<status status="PASS" starttime="20220117 12:32:33.232" endtime="20220117 12:32:33.311"/>
</kw>
<kw name="Click Element" library="RPA.Browser.Selenium">
<arg>//input[@value="${row}[Body]"]</arg>
<doc>Click the element identified by ``locator``.</doc>
<msg timestamp="20220117 12:32:33.312" level="INFO">Clicking element '//input[@value="1"]'.</msg>
<status status="PASS" starttime="20220117 12:32:33.311" endtime="20220117 12:32:33.378"/>
</kw>
<kw name="Input Text" library="RPA.Browser.Selenium">
<arg>//input[@placeholder="Enter the part number for the legs"]</arg>
<arg>${row}[Legs]</arg>
<doc>Types the given ``text`` into the text field identified by ``locator``.</doc>
<msg timestamp="20220117 12:32:33.379" level="INFO">Typing text '5' into text field '//input[@placeholder="Enter the part number for the legs"]'.</msg>
<status status="PASS" starttime="20220117 12:32:33.379" endtime="20220117 12:32:33.486"/>
</kw>
<kw name="Input Text" library="RPA.Browser.Selenium">
<arg>//input[@name="address"]</arg>
<arg>${row}[Address]</arg>
<doc>Types the given ``text`` into the text field identified by ``locator``.</doc>
<msg timestamp="20220117 12:32:33.488" level="INFO">Typing text 'Address H' into text field '//input[@name="address"]'.</msg>
<status status="PASS" starttime="20220117 12:32:33.487" endtime="20220117 12:32:33.608"/>
</kw>
<kw name="Click Button" library="RPA.Browser.Selenium">
<arg>//button[@id="preview"]</arg>
<doc>Clicks the button identified by ``locator``.</doc>
<msg timestamp="20220117 12:32:33.609" level="INFO">Clicking button '//button[@id="preview"]'.</msg>
<status status="PASS" starttime="20220117 12:32:33.608" endtime="20220117 12:32:33.699"/>
</kw>
<kw name="Sleep" library="BuiltIn">
<arg>5 seconds</arg>
<doc>Pauses the test executed for the given time.</doc>
<msg timestamp="20220117 12:32:38.707" level="INFO">Slept 5 seconds</msg>
<status status="PASS" starttime="20220117 12:32:33.700" endtime="20220117 12:32:38.707"/>
</kw>
<kw name="Click Button" library="RPA.Browser.Selenium">
<arg>//*[@id="order"]</arg>
<doc>Clicks the button identified by ``locator``.</doc>
<msg timestamp="20220117 12:32:38.710" level="INFO">Clicking button '//*[@id="order"]'.</msg>
<status status="PASS" starttime="20220117 12:32:38.708" endtime="20220117 12:32:38.795"/>
</kw>
<status status="PASS" starttime="20220117 12:32:33.142" endtime="20220117 12:32:38.796"/>
</kw>
<kw name="Check Exception if occured" library="ExceptionHandling">
<for flavor="IN RANGE">
<var>${i}</var>
<value>${50}</value>
<iter>
<var name="${i}">0</var>
<kw name="Is Element Visible" library="RPA.Browser.Selenium">
<var>${server_error}</var>
<arg>//div[@class="alert alert-danger"]</arg>
<doc>Is element visible</doc>
<msg timestamp="20220117 12:32:38.843" level="INFO">Element '//div[@class="alert alert-danger"]' is displayed.</msg>
<msg timestamp="20220117 12:32:38.843" level="INFO">${server_error} = True</msg>
<status status="PASS" starttime="20220117 12:32:38.800" endtime="20220117 12:32:38.843"/>
</kw>
<kw name="Run Keyword If" library="BuiltIn">
<arg>'${server_error}'=='True'</arg>
<arg>Click Button</arg>
<arg>//button[@id="order"]</arg>
<doc>Runs the given keyword with the given arguments, if ``condition`` is true.</doc>
<kw name="Click Button" library="RPA.Browser.Selenium">
<arg>//button[@id="order"]</arg>
<doc>Clicks the button identified by ``locator``.</doc>
<msg timestamp="20220117 12:32:38.845" level="INFO">Clicking button '//button[@id="order"]'.</msg>
<status status="PASS" starttime="20220117 12:32:38.845" endtime="20220117 12:32:38.919"/>
</kw>
<status status="PASS" starttime="20220117 12:32:38.844" endtime="20220117 12:32:38.920"/>
</kw>
<kw name="Exit For Loop If" library="BuiltIn">
<arg>'${server_error}'=='False'</arg>
<doc>Stops executing the enclosing for loop if the ``condition`` is true.</doc>
<status status="PASS" starttime="20220117 12:32:38.920" endtime="20220117 12:32:38.921"/>
</kw>
<status status="PASS" starttime="20220117 12:32:38.800" endtime="20220117 12:32:38.922"/>
</iter>
<iter>
<var name="${i}">1</var>
<kw name="Is Element Visible" library="RPA.Browser.Selenium">
<var>${server_error}</var>
<arg>//div[@class="alert alert-danger"]</arg>
<doc>Is element visible</doc>
<msg timestamp="20220117 12:32:38.954" level="INFO">Element '//div[@class="alert alert-danger"]' is displayed.</msg>
<msg timestamp="20220117 12:32:38.955" level="INFO">${server_error} = True</msg>
<status status="PASS" starttime="20220117 12:32:38.923" endtime="20220117 12:32:38.955"/>
</kw>
<kw name="Run Keyword If" library="BuiltIn">
<arg>'${server_error}'=='True'</arg>
<arg>Click Button</arg>
<arg>//button[@id="order"]</arg>
<doc>Runs the given keyword with the given arguments, if ``condition`` is true.</doc>
<kw name="Click Button" library="RPA.Browser.Selenium">
<arg>//button[@id="order"]</arg>
<doc>Clicks the button identified by ``locator``.</doc>
<msg timestamp="20220117 12:32:38.958" level="INFO">Clicking button '//button[@id="order"]'.</msg>
<status status="PASS" starttime="20220117 12:32:38.957" endtime="20220117 12:32:39.018"/>
</kw>
<status status="PASS" starttime="20220117 12:32:38.956" endtime="20220117 12:32:39.019"/>
</kw>
<kw name="Exit For Loop If" library="BuiltIn">
<arg>'${server_error}'=='False'</arg>
<doc>Stops executing the enclosing for loop if the ``condition`` is true.</doc>
<status status="PASS" starttime="20220117 12:32:39.020" endtime="20220117 12:32:39.022"/>
</kw>
<status status="PASS" starttime="20220117 12:32:38.922" endtime="20220117 12:32:39.022"/>
</iter>
<iter>
<var name="${i}">2</var>
<kw name="Is Element Visible" library="RPA.Browser.Selenium">
<var>${server_error}</var>
<arg>//div[@class="alert alert-danger"]</arg>
<doc>Is element visible</doc>
<msg timestamp="20220117 12:32:39.046" level="INFO">Element '//div[@class="alert alert-danger"]' is displayed.</msg>
<msg timestamp="20220117 12:32:39.046" level="INFO">${server_error} = True</msg>
<status status="PASS" starttime="20220117 12:32:39.023" endtime="20220117 12:32:39.047"/>
</kw>
<kw name="Run Keyword If" library="BuiltIn">
<arg>'${server_error}'=='True'</arg>
<arg>Click Button</arg>
<arg>//button[@id="order"]</arg>
<doc>Runs the given keyword with the given arguments, if ``condition`` is true.</doc>
<kw name="Click Button" library="RPA.Browser.Selenium">
<arg>//button[@id="order"]</arg>
<doc>Clicks the button identified by ``locator``.</doc>
<msg timestamp="20220117 12:32:39.048" level="INFO">Clicking button '//button[@id="order"]'.</msg>
<status status="PASS" starttime="20220117 12:32:39.048" endtime="20220117 12:32:39.115"/>
</kw>
<status status="PASS" starttime="20220117 12:32:39.047" endtime="20220117 12:32:39.115"/>
</kw>
<kw name="Exit For Loop If" library="BuiltIn">
<arg>'${server_error}'=='False'</arg>
<doc>Stops executing the enclosing for loop if the ``condition`` is true.</doc>
<status status="PASS" starttime="20220117 12:32:39.116" endtime="20220117 12:32:39.117"/>
</kw>
<status status="PASS" starttime="20220117 12:32:39.022" endtime="20220117 12:32:39.117"/>
</iter>
<iter>
<var name="${i}">3</var>
<kw name="Is Element Visible" library="RPA.Browser.Selenium">
<var>${server_error}</var>
<arg>//div[@class="alert alert-danger"]</arg>
<doc>Is element visible</doc>
<msg timestamp="20220117 12:32:39.129" level="INFO" html="true">Ran with keyword &lt;b&gt;Element Should Be Visible&lt;/b&gt; which returned error: &lt;i&gt;Element with locator '//div[@class="alert alert-danger"]' not found.&lt;/i&gt;</msg>
<msg timestamp="20220117 12:32:39.130" level="INFO">${server_error} = False</msg>
<status status="PASS" starttime="20220117 12:32:39.118" endtime="20220117 12:32:39.130"/>
</kw>
<kw name="Run Keyword If" library="BuiltIn">
<arg>'${server_error}'=='True'</arg>
<arg>Click Button</arg>
<arg>//button[@id="order"]</arg>
<doc>Runs the given keyword with the given arguments, if ``condition`` is true.</doc>
<status status="PASS" starttime="20220117 12:32:39.130" endtime="20220117 12:32:39.131"/>
</kw>
<kw name="Exit For Loop If" library="BuiltIn">
<arg>'${server_error}'=='False'</arg>
<doc>Stops executing the enclosing for loop if the ``condition`` is true.</doc>
<msg timestamp="20220117 12:32:39.132" level="INFO">Exiting for loop altogether.</msg>
<status status="PASS" starttime="20220117 12:32:39.131" endtime="20220117 12:32:39.132"/>
</kw>
<status status="PASS" starttime="20220117 12:32:39.118" endtime="20220117 12:32:39.133"/>
</iter>
<status status="PASS" starttime="20220117 12:32:38.798" endtime="20220117 12:32:39.133"/>
</for>
<kw name="Run Keyword If" library="BuiltIn">
<arg>'${server_error}'=='True'</arg>
<arg>Close the browser</arg>
<doc>Runs the given keyword with the given arguments, if ``condition`` is true.</doc>
<status status="PASS" starttime="20220117 12:32:39.133" endtime="20220117 12:32:39.134"/>
</kw>
<status status="PASS" starttime="20220117 12:32:38.797" endtime="20220117 12:32:39.134"/>
</kw>
<kw name="Get Text" library="RPA.Browser.Selenium">
<var>${orderid}</var>
<arg>//*[@id="receipt"]/p[1]</arg>
<doc>Returns the text value of the element identified by ``locator``.</doc>
<msg timestamp="20220117 12:32:39.168" level="INFO">${orderid} = RSB-ROBO-ORDER-Z7XHRR7M33</msg>
<status status="PASS" starttime="20220117 12:32:39.135" endtime="20220117 12:32:39.168"/>
</kw>
<kw name="Set Local Variable" library="BuiltIn">
<arg>${PDF_File}</arg>
<arg>${orderid}.pdf</arg>
<doc>Makes a variable available everywhere within the local scope.</doc>
<msg timestamp="20220117 12:32:39.170" level="INFO">${PDF_File} = RSB-ROBO-ORDER-Z7XHRR7M33.pdf</msg>
<status status="PASS" starttime="20220117 12:32:39.169" endtime="20220117 12:32:39.170"/>
</kw>
<kw name="Set Local Variable" library="BuiltIn">
<arg>${Image_File}</arg>
<arg>${orderid}.png</arg>
<doc>Makes a variable available everywhere within the local scope.</doc>
<msg timestamp="20220117 12:32:39.171" level="INFO">${Image_File} = RSB-ROBO-ORDER-Z7XHRR7M33.png</msg>
<status status="PASS" starttime="20220117 12:32:39.170" endtime="20220117 12:32:39.171"/>
</kw>
<kw name="Capture Element Screenshot" library="RPA.Browser.Selenium">
<arg>//*[@id="robot-preview-image"]</arg>
<arg>${Image_Dir}${/}${Image_File}</arg>
<doc>Captures a screenshot from the element identified by ``locator`` and embeds it into log file.</doc>
<msg timestamp="20220117 12:32:39.299" level="INFO" html="true">&lt;/td&gt;&lt;/tr&gt;&lt;tr&gt;&lt;td colspan="3"&gt;&lt;a href="../Resources/Images_robot/RSB-ROBO-ORDER-Z7XHRR7M33.png"&gt;&lt;img src="../Resources/Images_robot/RSB-ROBO-ORDER-Z7XHRR7M33.png" width="400px"&gt;&lt;/a&gt;</msg>
<status status="PASS" starttime="20220117 12:32:39.171" endtime="20220117 12:32:39.299"/>
</kw>
<kw name="Get Element Attribute" library="RPA.Browser.Selenium">
<var>${reciept_data}</var>
<arg>//div[@id="receipt"]</arg>
<arg>outerHTML</arg>
<doc>Returns the value of ``attribute`` from the element ``locator``.</doc>
<msg timestamp="20220117 12:32:39.355" level="INFO">${reciept_data} = &lt;div id="receipt" class="alert alert-success" role="alert"&gt;&lt;h3&gt;Receipt&lt;/h3&gt;&lt;div&gt;2022-01-17T07:32:39.105Z&lt;/div&gt;&lt;p class="badge badge-success"&gt;RSB-ROBO-ORDER-Z7XHRR7M33&lt;/p&gt;&lt;p&gt;Address H&lt;/p&gt;&lt;div id="parts...</msg>
<status status="PASS" starttime="20220117 12:32:39.300" endtime="20220117 12:32:39.355"/>
</kw>
<kw name="Sleep" library="BuiltIn">
<arg>5 seconds</arg>
<doc>Pauses the test executed for the given time.</doc>
<msg timestamp="20220117 12:32:44.366" level="INFO">Slept 5 seconds</msg>
<status status="PASS" starttime="20220117 12:32:39.356" endtime="20220117 12:32:44.367"/>
</kw>
<kw name="Creating the PDF files and Create pdf zip file" library="PDF_And_Zip_Files">
<arg>${PDF_File}</arg>
<arg>${Image_File}</arg>
<arg>${reciept_data}</arg>
<kw name="Html To Pdf" library="RPA.PDF">
<arg>${reciept_data}</arg>
<arg>${PDF_Dir}${/}${PDF_File}</arg>
<doc>Generate a PDF file from HTML content.</doc>
<msg timestamp="20220117 12:32:44.374" level="INFO">Writing output to file C:\Users\lenevo\Documents\Robots\Robocorp CerII\Resources\PDF_reciepts\RSB-ROBO-ORDER-Z7XHRR7M33.pdf</msg>
<status status="PASS" starttime="20220117 12:32:44.371" endtime="20220117 12:32:44.669"/>
</kw>
<kw name="Add Watermark Image To Pdf" library="RPA.PDF">
<arg>${Image_Dir}${/}${Image_File}</arg>
<arg>${PDF_Dir}${/}${PDF_File}</arg>
<arg>${PDF_Dir}${/}${PDF_File}</arg>
<doc>Add an image into an existing or new PDF.</doc>
<status status="PASS" starttime="20220117 12:32:44.670" endtime="20220117 12:32:44.866"/>
</kw>
<kw name="Close Pdf" library="RPA.PDF">
<arg>${PDF_Dir}${/}${PDF_FILE}</arg>
<doc>Close PDF file descriptor for a certain file.</doc>
<msg timestamp="20220117 12:32:44.869" level="INFO">Closing PDF document: C:\Users\lenevo\Documents\Robots\Robocorp CerII\Resources\PDF_reciepts\RSB-ROBO-ORDER-Z7XHRR7M33.pdf</msg>
<status status="PASS" starttime="20220117 12:32:44.867" endtime="20220117 12:32:44.869"/>
</kw>
<kw name="Open Pdf" library="RPA.PDF">
<arg>${PDF_Dir}${/}${PDF_FILE}</arg>
<doc>Open a PDF document for reading.</doc>
<status status="PASS" starttime="20220117 12:32:44.870" endtime="20220117 12:32:44.873"/>
</kw>
<kw name="Create List" library="BuiltIn">
<var>@{myfiles}</var>
<arg>${Image_Dir}${/}${Image_File}</arg>
<doc>Returns a list containing given items.</doc>
<msg timestamp="20220117 12:32:44.876" level="INFO">@{myfiles} = [ C:\Users\lenevo\Documents\Robots\Robocorp CerII\Resources\Images_robot\RSB-ROBO-ORDER-Z7XHRR7M33.png ]</msg>
<status status="PASS" starttime="20220117 12:32:44.874" endtime="20220117 12:32:44.876"/>
</kw>
<kw name="Add Files To Pdf" library="RPA.PDF">
<arg>${myfiles}</arg>
<arg>${PDF_Dir}${/}${PDF_FILE}</arg>
<arg>${True}</arg>
<doc>Add images and/or pdfs to new PDF document</doc>
<msg timestamp="20220117 12:32:44.887" level="INFO">Adding page: 0</msg>
<msg timestamp="20220117 12:32:44.888" level="INFO">File C:\Users\lenevo\Documents\Robots\Robocorp CerII\Resources\Images_robot\RSB-ROBO-ORDER-Z7XHRR7M33.png type: png</msg>
<msg timestamp="20220117 12:32:44.888" level="INFO">Image parameters: {}</msg>
<status status="PASS" starttime="20220117 12:32:44.878" endtime="20220117 12:32:45.013"/>
</kw>
<kw name="Close Pdf" library="RPA.PDF">
<arg>${PDF_Dir}${/}${PDF_FILE}</arg>
<doc>Close PDF file descriptor for a certain file.</doc>
<msg timestamp="20220117 12:32:45.014" level="INFO">Closing PDF document: C:\Users\lenevo\Documents\Robots\Robocorp CerII\Resources\PDF_reciepts\RSB-ROBO-ORDER-Z7XHRR7M33.pdf</msg>
<status status="PASS" starttime="20220117 12:32:45.013" endtime="20220117 12:32:45.015"/>
</kw>
<status status="PASS" starttime="20220117 12:32:44.368" endtime="20220117 12:32:45.015"/>
</kw>
<kw name="Sleep" library="BuiltIn">
<arg>5 seconds</arg>
<doc>Pauses the test executed for the given time.</doc>
<msg timestamp="20220117 12:32:50.019" level="INFO">Slept 5 seconds</msg>
<status status="PASS" starttime="20220117 12:32:45.016" endtime="20220117 12:32:50.019"/>
</kw>
<kw name="Click Button" library="RPA.Browser.Selenium">
<arg>//button[@id="order-another"]</arg>
<doc>Clicks the button identified by ``locator``.</doc>
<msg timestamp="20220117 12:32:50.022" level="INFO">Clicking button '//button[@id="order-another"]'.</msg>
<status status="PASS" starttime="20220117 12:32:50.021" endtime="20220117 12:32:50.473"/>
</kw>
<status status="PASS" starttime="20220117 12:32:33.141" endtime="20220117 12:32:50.473"/>
</iter>
<status status="PASS" starttime="20220117 12:27:08.984" endtime="20220117 12:32:50.474"/>
</for>
<kw name="Bot Have Completed The Task Now Close The Browser" library="Creation_Of_Bots_And_Receipts">
<kw name="Close Browser" library="RPA.Browser.Selenium">
<doc>Closes the current browser.</doc>
<status status="PASS" starttime="20220117 12:32:50.477" endtime="20220117 12:32:52.883"/>
</kw>
<status status="PASS" starttime="20220117 12:32:50.475" endtime="20220117 12:32:52.885"/>
</kw>
<kw name="Archive Folder With Zip" library="RPA.Archive">
<arg>${PDF_Dir}</arg>
<arg>${zip_file}</arg>
<arg>recursive=True</arg>
<arg>include=*.pdf</arg>
<doc>Create a zip archive of a folder</doc>
<status status="PASS" starttime="20220117 12:32:52.886" endtime="20220117 12:32:53.167"/>
</kw>
<status status="PASS" starttime="20220117 12:27:05.380" endtime="20220117 12:32:53.168"/>
</kw>
<status status="PASS" starttime="20220117 12:27:04.181" endtime="20220117 12:32:53.169"/>
</kw>
<status status="PASS" starttime="20220117 12:26:43.054" endtime="20220117 12:32:53.170"/>
</test>
<doc>This code is written by Shahid Khan, Completed this task for Robocorp Certification
This process will Order robots from robotsparebin industries
Save the receipt HTML in a pdf and ake screenshot of robot and attach in pdf file
This process will take screenshot of robot and attach in pdf file
This process will zip the all reciepts</doc>
<status status="PASS" starttime="20220117 12:26:39.637" endtime="20220117 12:32:53.173"/>
</suite>
<statistics>
<total>
<stat pass="1" fail="0" skip="0">All Tests</stat>
</total>
<tag>
</tag>
<suite>
<stat pass="1" fail="0" skip="0" id="s1" name="Tasks">Tasks</stat>
</suite>
</statistics>
<errors>
<msg timestamp="20220117 12:26:41.931" level="ERROR">Error in file 'C:\Users\lenevo\Documents\Robots\Robocorp CerII\tasks.robot' on line 16: Variable file 'variables.py' does not exist.</msg>
<msg timestamp="20220117 12:26:42.859" level="WARN">This is a deprecated import that will be removed in favor of RPA.Robocorp.Vault</msg>
</errors>
</robot>
